mode: atomic
github.com/khezen/evoli/populationSync.go:11.49,17.2 2 25
github.com/khezen/evoli/populationSync.go:20.36,24.2 3 209
github.com/khezen/evoli/populationSync.go:28.46,32.2 3 9
github.com/khezen/evoli/populationSync.go:35.41,39.2 3 17
github.com/khezen/evoli/populationSync.go:42.33,46.2 3 11
github.com/khezen/evoli/populationSync.go:49.45,53.2 3 7
github.com/khezen/evoli/populationSync.go:56.51,60.2 3 31
github.com/khezen/evoli/populationSync.go:63.48,67.2 3 253
github.com/khezen/evoli/populationSync.go:70.42,74.2 3 1
github.com/khezen/evoli/populationSync.go:77.60,81.2 3 1
github.com/khezen/evoli/populationSync.go:84.64,88.2 3 1
github.com/khezen/evoli/populationSync.go:91.43,95.2 3 1
github.com/khezen/evoli/populationSync.go:98.43,102.2 3 1
github.com/khezen/evoli/populationSync.go:105.62,107.36 2 6
github.com/khezen/evoli/populationSync.go:111.2,111.12 1 6
github.com/khezen/evoli/populationSync.go:107.36,110.3 2 6
github.com/khezen/evoli/populationSync.go:115.65,119.2 3 9
github.com/khezen/evoli/populationSync.go:122.62,126.2 3 4
github.com/khezen/evoli/populationSync.go:129.47,133.2 3 41
github.com/khezen/evoli/populationSync.go:135.50,137.2 1 16
github.com/khezen/evoli/selecter.go:12.43,13.23 1 160
github.com/khezen/evoli/selecter.go:13.23,14.25 1 0
github.com/khezen/evoli/selecter.go:20.102,22.32 2 10
github.com/khezen/evoli/selecter.go:25.2,28.35 4 8
github.com/khezen/evoli/selecter.go:42.2,42.20 1 8
github.com/khezen/evoli/selecter.go:22.32,24.3 1 2
github.com/khezen/evoli/selecter.go:28.35,29.34 1 23
github.com/khezen/evoli/selecter.go:29.34,30.37 1 124
github.com/khezen/evoli/selecter.go:33.4,35.61 3 119
github.com/khezen/evoli/selecter.go:30.37,31.10 1 5
github.com/khezen/evoli/selecter.go:35.61,39.5 3 11
github.com/khezen/evoli/selecter.go:45.95,47.2 1 169
github.com/khezen/evoli/selecter.go:49.98,51.30 2 8
github.com/khezen/evoli/selecter.go:55.2,55.19 1 8
github.com/khezen/evoli/selecter.go:51.30,54.3 2 50
github.com/khezen/evoli/selecter.go:58.78,62.9 4 8
github.com/khezen/evoli/selecter.go:68.2,68.9 1 8
github.com/khezen/evoli/selecter.go:74.2,74.15 1 8
github.com/khezen/evoli/selecter.go:63.15,64.17 1 4
github.com/khezen/evoli/selecter.go:65.15,66.16 1 4
github.com/khezen/evoli/selecter.go:69.15,70.17 1 2
github.com/khezen/evoli/selecter.go:71.15,72.16 1 6
github.com/khezen/evoli/selecter.go:78.50,80.2 1 2
github.com/khezen/evoli/selecter.go:84.91,86.32 2 10
github.com/khezen/evoli/selecter.go:89.2,90.35 2 8
github.com/khezen/evoli/selecter.go:106.2,106.20 1 8
github.com/khezen/evoli/selecter.go:86.32,88.3 1 2
github.com/khezen/evoli/selecter.go:90.35,92.13 2 11
github.com/khezen/evoli/selecter.go:100.3,103.20 4 11
github.com/khezen/evoli/selecter.go:92.13,93.13 1 2
github.com/khezen/evoli/selecter.go:94.23,95.14 1 0
github.com/khezen/evoli/selecter.go:96.12,97.14 1 2
github.com/khezen/evoli/selecter.go:109.107,118.9 7 11
github.com/khezen/evoli/selecter.go:119.48,120.16 1 3
github.com/khezen/evoli/selecter.go:121.10,122.16 1 8
github.com/khezen/evoli/selecter.go:126.67,128.9 2 11
github.com/khezen/evoli/selecter.go:134.2,134.9 1 11
github.com/khezen/evoli/selecter.go:140.2,140.15 1 11
github.com/khezen/evoli/selecter.go:129.14,130.16 1 4
github.com/khezen/evoli/selecter.go:131.14,132.15 1 7
github.com/khezen/evoli/selecter.go:135.14,136.16 1 2
github.com/khezen/evoli/selecter.go:137.14,138.15 1 9
github.com/khezen/evoli/selecter.go:144.39,146.2 1 2
github.com/khezen/evoli/selecter.go:150.91,155.38 5 120
github.com/khezen/evoli/selecter.go:160.2,162.20 3 120
github.com/khezen/evoli/selecter.go:155.38,157.3 1 1
github.com/khezen/evoli/selecter.go:157.8,159.3 1 119
github.com/khezen/evoli/selecter.go:166.39,168.2 1 23
github.com/khezen/evoli/selecter.go:172.87,177.40 5 10
github.com/khezen/evoli/selecter.go:180.2,180.20 1 10
github.com/khezen/evoli/selecter.go:177.40,179.3 1 39
github.com/khezen/evoli/selecter.go:184.35,186.2 1 2
github.com/khezen/evoli/selecter.go:190.99,192.32 2 10
github.com/khezen/evoli/selecter.go:195.2,198.35 4 8
github.com/khezen/evoli/selecter.go:212.2,212.20 1 8
github.com/khezen/evoli/selecter.go:192.32,194.3 1 2
github.com/khezen/evoli/selecter.go:198.35,199.34 1 11
github.com/khezen/evoli/selecter.go:199.34,200.37 1 41
github.com/khezen/evoli/selecter.go:203.4,204.42 2 37
github.com/khezen/evoli/selecter.go:200.37,201.10 1 4
github.com/khezen/evoli/selecter.go:204.42,209.5 4 11
github.com/khezen/evoli/selecter.go:215.79,218.2 2 8
github.com/khezen/evoli/selecter.go:221.47,223.2 1 2
github.com/khezen/evoli/selecter.go:227.93,229.32 2 0
github.com/khezen/evoli/selecter.go:232.2,235.35 4 0
github.com/khezen/evoli/selecter.go:249.2,249.20 1 0
github.com/khezen/evoli/selecter.go:229.32,231.3 1 0
github.com/khezen/evoli/selecter.go:235.35,236.34 1 0
github.com/khezen/evoli/selecter.go:236.34,237.37 1 0
github.com/khezen/evoli/selecter.go:240.4,241.42 2 0
github.com/khezen/evoli/selecter.go:237.37,238.10 1 0
github.com/khezen/evoli/selecter.go:241.42,246.5 4 0
github.com/khezen/evoli/selecter.go:252.73,255.2 2 0
github.com/khezen/evoli/selecter.go:258.41,260.2 1 0
github.com/khezen/evoli/population.go:41.45,42.18 1 434
github.com/khezen/evoli/population.go:45.2,46.13 2 434
github.com/khezen/evoli/population.go:42.18,43.21 1 0
github.com/khezen/evoli/population.go:50.34,52.2 1 104826
github.com/khezen/evoli/population.go:56.44,60.2 3 26426
github.com/khezen/evoli/population.go:63.39,64.66 1 10990
github.com/khezen/evoli/population.go:64.66,68.3 3 10968
github.com/khezen/evoli/population.go:72.31,74.2 1 134
github.com/khezen/evoli/population.go:77.34,79.2 1 671
github.com/khezen/evoli/population.go:82.43,83.16 1 14
github.com/khezen/evoli/population.go:86.2,87.26 2 14
github.com/khezen/evoli/population.go:83.16,84.21 1 0
github.com/khezen/evoli/population.go:87.26,89.10 2 12
github.com/khezen/evoli/population.go:96.3,96.18 1 12
github.com/khezen/evoli/population.go:90.28,92.45 2 4
github.com/khezen/evoli/population.go:93.28,94.48 1 8
github.com/khezen/evoli/population.go:101.49,103.2 1 7498
github.com/khezen/evoli/population.go:106.46,108.16 2 72801
github.com/khezen/evoli/population.go:111.2,111.18 1 72801
github.com/khezen/evoli/population.go:108.16,109.13 1 0
github.com/khezen/evoli/population.go:115.40,117.16 2 76
github.com/khezen/evoli/population.go:120.2,123.26 4 76
github.com/khezen/evoli/population.go:117.16,118.13 1 0
github.com/khezen/evoli/population.go:127.58,128.36 1 2
github.com/khezen/evoli/population.go:128.36,130.17 2 2
github.com/khezen/evoli/population.go:130.17,132.4 1 2
github.com/khezen/evoli/population.go:137.62,139.16 2 47
github.com/khezen/evoli/population.go:142.2,142.24 1 47
github.com/khezen/evoli/population.go:139.16,140.13 1 0
github.com/khezen/evoli/population.go:146.41,148.2 1 10
github.com/khezen/evoli/population.go:151.41,153.2 1 122
github.com/khezen/evoli/population.go:155.62,158.30 3 132
github.com/khezen/evoli/population.go:164.2,164.17 1 132
github.com/khezen/evoli/population.go:158.30,160.118 2 5112
github.com/khezen/evoli/population.go:160.118,162.4 1 197
github.com/khezen/evoli/population.go:168.60,170.36 2 24
github.com/khezen/evoli/population.go:174.2,174.12 1 24
github.com/khezen/evoli/population.go:170.36,173.3 2 24
github.com/khezen/evoli/population.go:178.63,179.31 1 39
github.com/khezen/evoli/population.go:184.2,184.24 1 11
github.com/khezen/evoli/population.go:179.31,180.27 1 77
github.com/khezen/evoli/population.go:180.27,182.4 1 28
github.com/khezen/evoli/population.go:188.60,189.34 1 8
github.com/khezen/evoli/population.go:189.34,191.14 2 22
github.com/khezen/evoli/population.go:191.14,192.9 1 4
github.com/khezen/evoli/population.go:198.45,200.2 1 402
github.com/khezen/evoli/population.go:202.48,204.2 1 156
github.com/khezen/evoli/population.go:206.48,207.29 1 72924
github.com/khezen/evoli/population.go:210.2,210.12 1 72924
github.com/khezen/evoli/population.go:207.29,209.3 1 0
github.com/khezen/evoli/arbitrer.go:11.54,12.27 1 25
github.com/khezen/evoli/arbitrer.go:12.27,13.24 1 0
github.com/khezen/evoli/arbitrer.go:21.91,27.2 5 25
github.com/khezen/evoli/arbitrer.go:30.50,32.2 1 1
github.com/khezen/evoli/arbitrer.go:35.47,37.2 1 1
github.com/khezen/evoli/arbitrer.go:40.39,42.2 1 1
github.com/khezen/evoli/arbitrer.go:45.39,47.2 1 1
github.com/khezen/evoli/arbitrer.go:50.35,52.2 1 1
github.com/khezen/evoli/individual.go:19.48,25.2 2 201
github.com/khezen/evoli/individual.go:28.44,30.2 1 1673
github.com/khezen/evoli/individual.go:33.54,35.2 1 78
github.com/khezen/evoli/individual.go:38.62,40.2 1 77
github.com/khezen/evoli/individual.go:50.52,60.2 2 30
github.com/khezen/evoli/individual.go:63.48,67.2 3 326
github.com/khezen/evoli/individual.go:70.58,74.2 3 51
github.com/khezen/evoli/pool.go:34.31,36.2 1 12
github.com/khezen/evoli/pool.go:38.33,39.21 1 22
github.com/khezen/evoli/pool.go:48.2,48.40 1 22
github.com/khezen/evoli/pool.go:40.11,42.8 2 12
github.com/khezen/evoli/pool.go:43.21,44.8 1 10
github.com/khezen/evoli/pool.go:45.10,46.26 1 0
github.com/khezen/evoli/pool.go:51.36,53.30 2 2
github.com/khezen/evoli/pool.go:61.2,61.28 1 2
github.com/khezen/evoli/pool.go:53.30,54.27 1 2
github.com/khezen/evoli/pool.go:54.27,58.9 4 2
github.com/khezen/evoli/pool.go:61.28,63.3 1 2
github.com/khezen/evoli/pool.go:66.38,67.30 1 4
github.com/khezen/evoli/pool.go:72.2,72.14 1 2
github.com/khezen/evoli/pool.go:67.30,68.27 1 2
github.com/khezen/evoli/pool.go:68.27,70.4 1 2
github.com/khezen/evoli/pool.go:75.41,77.2 1 2
github.com/khezen/evoli/pool.go:79.43,81.33 2 8
github.com/khezen/evoli/pool.go:84.2,84.20 1 8
github.com/khezen/evoli/pool.go:81.33,83.3 1 16
github.com/khezen/evoli/pool.go:87.43,89.33 2 2
github.com/khezen/evoli/pool.go:92.2,93.33 2 2
github.com/khezen/evoli/pool.go:96.2,96.20 1 2
github.com/khezen/evoli/pool.go:89.33,91.3 1 4
github.com/khezen/evoli/pool.go:93.33,95.3 1 4
github.com/khezen/evoli/pool.go:99.35,101.33 2 2
github.com/khezen/evoli/pool.go:107.2,107.14 1 2
github.com/khezen/evoli/pool.go:101.33,103.59 2 4
github.com/khezen/evoli/pool.go:103.59,105.4 1 4
github.com/khezen/evoli/pool.go:110.26,114.33 4 2
github.com/khezen/evoli/pool.go:121.2,122.33 2 2
github.com/khezen/evoli/pool.go:125.2,125.36 1 2
github.com/khezen/evoli/pool.go:136.2,136.30 1 2
github.com/khezen/evoli/pool.go:114.33,120.3 5 4
github.com/khezen/evoli/pool.go:122.33,124.3 1 4
github.com/khezen/evoli/pool.go:125.36,129.59 4 24
github.com/khezen/evoli/pool.go:129.59,134.4 4 4
github.com/khezen/evoli/pool.go:136.30,138.3 1 4
github.com/khezen/evoli/pool.go:141.29,142.33 1 2
github.com/khezen/evoli/pool.go:148.2,148.12 1 2
github.com/khezen/evoli/pool.go:142.33,144.17 2 4
github.com/khezen/evoli/pool.go:144.17,146.4 1 0
github.com/khezen/evoli/pool.go:151.34,156.33 5 2
github.com/khezen/evoli/pool.go:165.2,166.19 2 2
github.com/khezen/evoli/pool.go:156.33,157.24 1 4
github.com/khezen/evoli/pool.go:157.24,159.18 2 4
github.com/khezen/evoli/pool.go:162.4,162.13 1 4
github.com/khezen/evoli/pool.go:159.18,161.5 1 0
github.com/khezen/evoli/swarm.go:20.101,21.24 1 5
github.com/khezen/evoli/swarm.go:24.2,24.98 1 5
github.com/khezen/evoli/swarm.go:21.24,22.25 1 0
github.com/khezen/evoli/swarm.go:27.30,29.16 2 102
github.com/khezen/evoli/swarm.go:32.2,33.16 2 102
github.com/khezen/evoli/swarm.go:36.2,37.12 2 102
github.com/khezen/evoli/swarm.go:29.16,31.3 1 0
github.com/khezen/evoli/swarm.go:33.16,35.3 1 0
github.com/khezen/evoli/swarm.go:40.64,42.30 2 102
github.com/khezen/evoli/swarm.go:54.2,54.17 1 102
github.com/khezen/evoli/swarm.go:42.30,45.17 3 5012
github.com/khezen/evoli/swarm.go:48.3,49.42 2 5012
github.com/khezen/evoli/swarm.go:52.3,52.33 1 5012
github.com/khezen/evoli/swarm.go:45.17,47.4 1 0
github.com/khezen/evoli/swarm.go:49.42,51.4 1 555
github.com/khezen/evoli/swarm.go:57.65,61.36 4 102
github.com/khezen/evoli/swarm.go:71.2,71.20 1 102
github.com/khezen/evoli/swarm.go:61.36,64.17 3 5012
github.com/khezen/evoli/swarm.go:67.3,69.23 3 5012
github.com/khezen/evoli/swarm.go:64.17,66.4 1 0
github.com/khezen/evoli/swarm.go:74.47,77.2 2 2
github.com/khezen/evoli/swarm.go:87.105,89.2 1 2
github.com/khezen/evoli/swarm.go:91.34,95.2 3 1
github.com/khezen/evoli/swarm.go:97.45,101.2 3 2
github.com/khezen/evoli/swarm.go:103.51,107.2 3 1
github.com/khezen/evoli/swarm.go:109.40,113.2 3 1
github.com/khezen/evoli/evolution.go:17.61,19.2 1 27
github.com/khezen/evoli/evolution.go:20.45,22.2 1 66
github.com/khezen/evoli/evolution.go:24.51,26.2 1 8
github.com/khezen/evoli/evolution.go:28.40,30.2 1 10
github.com/khezen/evoli/evolution.go:32.43,34.2 1 22
github.com/khezen/evoli/genetic.go:27.137,28.22 1 22
github.com/khezen/evoli/genetic.go:31.2,31.56 1 22
github.com/khezen/evoli/genetic.go:34.2,34.83 1 22
github.com/khezen/evoli/genetic.go:28.22,29.25 1 0
github.com/khezen/evoli/genetic.go:31.56,32.25 1 0
github.com/khezen/evoli/genetic.go:38.32,40.16 2 110
github.com/khezen/evoli/genetic.go:43.2,44.16 2 110
github.com/khezen/evoli/genetic.go:47.2,48.16 2 110
github.com/khezen/evoli/genetic.go:51.2,52.16 2 110
github.com/khezen/evoli/genetic.go:55.2,57.12 3 110
github.com/khezen/evoli/genetic.go:40.16,42.3 1 0
github.com/khezen/evoli/genetic.go:44.16,46.3 1 0
github.com/khezen/evoli/genetic.go:48.16,50.3 1 0
github.com/khezen/evoli/genetic.go:52.16,54.3 1 0
github.com/khezen/evoli/genetic.go:60.52,62.30 2 110
github.com/khezen/evoli/genetic.go:70.2,70.12 1 110
github.com/khezen/evoli/genetic.go:62.30,65.17 3 5060
github.com/khezen/evoli/genetic.go:68.3,68.33 1 5060
github.com/khezen/evoli/genetic.go:65.17,67.4 1 0
github.com/khezen/evoli/genetic.go:73.66,76.32 3 110
github.com/khezen/evoli/genetic.go:93.2,93.22 1 110
github.com/khezen/evoli/genetic.go:76.32,78.13 2 2034
github.com/khezen/evoli/genetic.go:86.3,88.17 3 2034
github.com/khezen/evoli/genetic.go:91.3,91.24 1 2034
github.com/khezen/evoli/genetic.go:78.13,79.13 1 79
github.com/khezen/evoli/genetic.go:80.23,81.14 1 6
github.com/khezen/evoli/genetic.go:82.12,83.14 1 73
github.com/khezen/evoli/genetic.go:88.17,90.4 1 0
github.com/khezen/evoli/genetic.go:96.65,97.33 1 110
github.com/khezen/evoli/genetic.go:107.2,107.17 1 110
github.com/khezen/evoli/genetic.go:97.33,98.46 1 2034
github.com/khezen/evoli/genetic.go:98.46,101.18 3 45
github.com/khezen/evoli/genetic.go:104.4,104.26 1 45
github.com/khezen/evoli/genetic.go:101.18,103.5 1 0
github.com/khezen/evoli/genetic.go:116.141,118.2 1 2
github.com/khezen/evoli/genetic.go:120.36,124.2 3 1
github.com/khezen/evoli/genetic.go:126.47,130.2 3 2
github.com/khezen/evoli/genetic.go:132.53,136.2 3 1
github.com/khezen/evoli/genetic.go:138.42,142.2 3 1
github.com/khezen/evoli/poolSync.go:11.35,16.2 1 6
github.com/khezen/evoli/poolSync.go:18.37,22.2 3 11
github.com/khezen/evoli/poolSync.go:24.40,28.2 3 1
github.com/khezen/evoli/poolSync.go:30.42,34.2 3 2
github.com/khezen/evoli/poolSync.go:36.45,40.2 3 1
github.com/khezen/evoli/poolSync.go:42.47,46.2 3 4
github.com/khezen/evoli/poolSync.go:48.47,52.2 3 1
github.com/khezen/evoli/poolSync.go:54.39,58.2 3 1
github.com/khezen/evoli/poolSync.go:60.30,64.2 3 1
github.com/khezen/evoli/poolSync.go:66.33,70.2 3 1
github.com/khezen/evoli/poolSync.go:72.38,76.2 3 1
mode: atomic
github.com/khezen/evoli/individual.go:19.48,25.2 2 201
github.com/khezen/evoli/individual.go:28.44,30.2 1 1673
github.com/khezen/evoli/individual.go:33.54,35.2 1 78
github.com/khezen/evoli/individual.go:38.62,40.2 1 77
github.com/khezen/evoli/individual.go:50.52,60.2 2 30
github.com/khezen/evoli/individual.go:63.48,67.2 3 326
github.com/khezen/evoli/individual.go:70.58,74.2 3 51
github.com/khezen/evoli/selecter.go:12.43,13.23 1 160
github.com/khezen/evoli/selecter.go:13.23,14.25 1 0
github.com/khezen/evoli/selecter.go:20.102,22.32 2 10
github.com/khezen/evoli/selecter.go:25.2,28.35 4 8
github.com/khezen/evoli/selecter.go:42.2,42.20 1 8
github.com/khezen/evoli/selecter.go:22.32,24.3 1 2
github.com/khezen/evoli/selecter.go:28.35,29.34 1 23
github.com/khezen/evoli/selecter.go:29.34,30.37 1 124
github.com/khezen/evoli/selecter.go:33.4,35.61 3 119
github.com/khezen/evoli/selecter.go:30.37,31.10 1 5
github.com/khezen/evoli/selecter.go:35.61,39.5 3 11
github.com/khezen/evoli/selecter.go:45.95,47.2 1 169
github.com/khezen/evoli/selecter.go:49.98,51.30 2 8
github.com/khezen/evoli/selecter.go:55.2,55.19 1 8
github.com/khezen/evoli/selecter.go:51.30,54.3 2 50
github.com/khezen/evoli/selecter.go:58.78,62.9 4 8
github.com/khezen/evoli/selecter.go:68.2,68.9 1 8
github.com/khezen/evoli/selecter.go:74.2,74.15 1 8
github.com/khezen/evoli/selecter.go:63.15,64.17 1 4
github.com/khezen/evoli/selecter.go:65.15,66.16 1 4
github.com/khezen/evoli/selecter.go:69.15,70.17 1 2
github.com/khezen/evoli/selecter.go:71.15,72.16 1 6
github.com/khezen/evoli/selecter.go:78.50,80.2 1 2
github.com/khezen/evoli/selecter.go:84.91,86.32 2 10
github.com/khezen/evoli/selecter.go:89.2,90.35 2 8
github.com/khezen/evoli/selecter.go:106.2,106.20 1 8
github.com/khezen/evoli/selecter.go:86.32,88.3 1 2
github.com/khezen/evoli/selecter.go:90.35,92.13 2 11
github.com/khezen/evoli/selecter.go:100.3,103.20 4 11
github.com/khezen/evoli/selecter.go:92.13,93.13 1 2
github.com/khezen/evoli/selecter.go:94.23,95.14 1 0
github.com/khezen/evoli/selecter.go:96.12,97.14 1 2
github.com/khezen/evoli/selecter.go:109.107,118.9 7 11
github.com/khezen/evoli/selecter.go:119.48,120.16 1 3
github.com/khezen/evoli/selecter.go:121.10,122.16 1 8
github.com/khezen/evoli/selecter.go:126.67,128.9 2 11
github.com/khezen/evoli/selecter.go:134.2,134.9 1 11
github.com/khezen/evoli/selecter.go:140.2,140.15 1 11
github.com/khezen/evoli/selecter.go:129.14,130.16 1 4
github.com/khezen/evoli/selecter.go:131.14,132.15 1 7
github.com/khezen/evoli/selecter.go:135.14,136.16 1 2
github.com/khezen/evoli/selecter.go:137.14,138.15 1 9
github.com/khezen/evoli/selecter.go:144.39,146.2 1 2
github.com/khezen/evoli/selecter.go:150.91,155.38 5 120
github.com/khezen/evoli/selecter.go:160.2,162.20 3 120
github.com/khezen/evoli/selecter.go:155.38,157.3 1 1
github.com/khezen/evoli/selecter.go:157.8,159.3 1 119
github.com/khezen/evoli/selecter.go:166.39,168.2 1 23
github.com/khezen/evoli/selecter.go:172.87,177.40 5 10
github.com/khezen/evoli/selecter.go:180.2,180.20 1 10
github.com/khezen/evoli/selecter.go:177.40,179.3 1 39
github.com/khezen/evoli/selecter.go:184.35,186.2 1 2
github.com/khezen/evoli/selecter.go:190.99,192.32 2 10
github.com/khezen/evoli/selecter.go:195.2,198.35 4 8
github.com/khezen/evoli/selecter.go:212.2,212.20 1 8
github.com/khezen/evoli/selecter.go:192.32,194.3 1 2
github.com/khezen/evoli/selecter.go:198.35,199.34 1 11
github.com/khezen/evoli/selecter.go:199.34,200.37 1 41
github.com/khezen/evoli/selecter.go:203.4,204.42 2 37
github.com/khezen/evoli/selecter.go:200.37,201.10 1 4
github.com/khezen/evoli/selecter.go:204.42,209.5 4 11
github.com/khezen/evoli/selecter.go:215.79,218.2 2 8
github.com/khezen/evoli/selecter.go:221.47,223.2 1 2
github.com/khezen/evoli/selecter.go:227.93,229.32 2 0
github.com/khezen/evoli/selecter.go:232.2,235.35 4 0
github.com/khezen/evoli/selecter.go:249.2,249.20 1 0
github.com/khezen/evoli/selecter.go:229.32,231.3 1 0
github.com/khezen/evoli/selecter.go:235.35,236.34 1 0
github.com/khezen/evoli/selecter.go:236.34,237.37 1 0
github.com/khezen/evoli/selecter.go:240.4,241.42 2 0
github.com/khezen/evoli/selecter.go:237.37,238.10 1 0
github.com/khezen/evoli/selecter.go:241.42,246.5 4 0
github.com/khezen/evoli/selecter.go:252.73,255.2 2 0
github.com/khezen/evoli/selecter.go:258.41,260.2 1 0
github.com/khezen/evoli/swarm.go:20.101,21.24 1 5
github.com/khezen/evoli/swarm.go:24.2,24.98 1 5
github.com/khezen/evoli/swarm.go:21.24,22.25 1 0
github.com/khezen/evoli/swarm.go:27.30,29.16 2 102
github.com/khezen/evoli/swarm.go:32.2,33.16 2 102
github.com/khezen/evoli/swarm.go:36.2,37.12 2 102
github.com/khezen/evoli/swarm.go:29.16,31.3 1 0
github.com/khezen/evoli/swarm.go:33.16,35.3 1 0
github.com/khezen/evoli/swarm.go:40.64,42.30 2 102
github.com/khezen/evoli/swarm.go:54.2,54.17 1 102
github.com/khezen/evoli/swarm.go:42.30,45.17 3 5012
github.com/khezen/evoli/swarm.go:48.3,49.42 2 5012
github.com/khezen/evoli/swarm.go:52.3,52.33 1 5012
github.com/khezen/evoli/swarm.go:45.17,47.4 1 0
github.com/khezen/evoli/swarm.go:49.42,51.4 1 555
github.com/khezen/evoli/swarm.go:57.65,61.36 4 102
github.com/khezen/evoli/swarm.go:71.2,71.20 1 102
github.com/khezen/evoli/swarm.go:61.36,64.17 3 5012
github.com/khezen/evoli/swarm.go:67.3,69.23 3 5012
github.com/khezen/evoli/swarm.go:64.17,66.4 1 0
github.com/khezen/evoli/swarm.go:74.47,77.2 2 2
github.com/khezen/evoli/swarm.go:87.105,89.2 1 2
github.com/khezen/evoli/swarm.go:91.34,95.2 3 1
github.com/khezen/evoli/swarm.go:97.45,101.2 3 2
github.com/khezen/evoli/swarm.go:103.51,107.2 3 1
github.com/khezen/evoli/swarm.go:109.40,113.2 3 1
github.com/khezen/evoli/arbitrer.go:11.54,12.27 1 25
github.com/khezen/evoli/arbitrer.go:12.27,13.24 1 0
github.com/khezen/evoli/arbitrer.go:21.91,27.2 5 25
github.com/khezen/evoli/arbitrer.go:30.50,32.2 1 1
github.com/khezen/evoli/arbitrer.go:35.47,37.2 1 1
github.com/khezen/evoli/arbitrer.go:40.39,42.2 1 1
github.com/khezen/evoli/arbitrer.go:45.39,47.2 1 1
github.com/khezen/evoli/arbitrer.go:50.35,52.2 1 1
github.com/khezen/evoli/pool.go:34.31,36.2 1 12
github.com/khezen/evoli/pool.go:38.33,39.21 1 22
github.com/khezen/evoli/pool.go:48.2,48.40 1 22
github.com/khezen/evoli/pool.go:40.11,42.8 2 12
github.com/khezen/evoli/pool.go:43.21,44.8 1 10
github.com/khezen/evoli/pool.go:45.10,46.26 1 0
github.com/khezen/evoli/pool.go:51.36,53.30 2 2
github.com/khezen/evoli/pool.go:61.2,61.28 1 2
github.com/khezen/evoli/pool.go:53.30,54.27 1 2
github.com/khezen/evoli/pool.go:54.27,58.9 4 2
github.com/khezen/evoli/pool.go:61.28,63.3 1 2
github.com/khezen/evoli/pool.go:66.38,67.30 1 4
github.com/khezen/evoli/pool.go:72.2,72.14 1 2
github.com/khezen/evoli/pool.go:67.30,68.27 1 2
github.com/khezen/evoli/pool.go:68.27,70.4 1 2
github.com/khezen/evoli/pool.go:75.41,77.2 1 2
github.com/khezen/evoli/pool.go:79.43,81.33 2 8
github.com/khezen/evoli/pool.go:84.2,84.20 1 8
github.com/khezen/evoli/pool.go:81.33,83.3 1 16
github.com/khezen/evoli/pool.go:87.43,89.33 2 2
github.com/khezen/evoli/pool.go:92.2,93.33 2 2
github.com/khezen/evoli/pool.go:96.2,96.20 1 2
github.com/khezen/evoli/pool.go:89.33,91.3 1 4
github.com/khezen/evoli/pool.go:93.33,95.3 1 4
github.com/khezen/evoli/pool.go:99.35,101.33 2 2
github.com/khezen/evoli/pool.go:107.2,107.14 1 2
github.com/khezen/evoli/pool.go:101.33,103.59 2 4
github.com/khezen/evoli/pool.go:103.59,105.4 1 4
github.com/khezen/evoli/pool.go:110.26,114.33 4 2
github.com/khezen/evoli/pool.go:121.2,122.33 2 2
github.com/khezen/evoli/pool.go:125.2,125.36 1 2
github.com/khezen/evoli/pool.go:136.2,136.30 1 2
github.com/khezen/evoli/pool.go:114.33,120.3 5 4
github.com/khezen/evoli/pool.go:122.33,124.3 1 4
github.com/khezen/evoli/pool.go:125.36,129.59 4 24
github.com/khezen/evoli/pool.go:129.59,134.4 4 4
github.com/khezen/evoli/pool.go:136.30,138.3 1 4
github.com/khezen/evoli/pool.go:141.29,142.33 1 2
github.com/khezen/evoli/pool.go:148.2,148.12 1 2
github.com/khezen/evoli/pool.go:142.33,144.17 2 4
github.com/khezen/evoli/pool.go:144.17,146.4 1 0
github.com/khezen/evoli/pool.go:151.34,156.33 5 2
github.com/khezen/evoli/pool.go:165.2,166.19 2 2
github.com/khezen/evoli/pool.go:156.33,157.24 1 4
github.com/khezen/evoli/pool.go:157.24,159.18 2 4
github.com/khezen/evoli/pool.go:162.4,162.13 1 4
github.com/khezen/evoli/pool.go:159.18,161.5 1 0
github.com/khezen/evoli/poolSync.go:11.35,16.2 1 6
github.com/khezen/evoli/poolSync.go:18.37,22.2 3 11
github.com/khezen/evoli/poolSync.go:24.40,28.2 3 1
github.com/khezen/evoli/poolSync.go:30.42,34.2 3 2
github.com/khezen/evoli/poolSync.go:36.45,40.2 3 1
github.com/khezen/evoli/poolSync.go:42.47,46.2 3 4
github.com/khezen/evoli/poolSync.go:48.47,52.2 3 1
github.com/khezen/evoli/poolSync.go:54.39,58.2 3 1
github.com/khezen/evoli/poolSync.go:60.30,64.2 3 1
github.com/khezen/evoli/poolSync.go:66.33,70.2 3 1
github.com/khezen/evoli/poolSync.go:72.38,76.2 3 1
github.com/khezen/evoli/populationSync.go:11.49,17.2 2 25
github.com/khezen/evoli/populationSync.go:20.36,24.2 3 206
github.com/khezen/evoli/populationSync.go:28.46,32.2 3 9
github.com/khezen/evoli/populationSync.go:35.41,39.2 3 17
github.com/khezen/evoli/populationSync.go:42.33,46.2 3 11
github.com/khezen/evoli/populationSync.go:49.45,53.2 3 7
github.com/khezen/evoli/populationSync.go:56.51,60.2 3 31
github.com/khezen/evoli/populationSync.go:63.48,67.2 3 253
github.com/khezen/evoli/populationSync.go:70.42,74.2 3 1
github.com/khezen/evoli/populationSync.go:77.60,81.2 3 1
github.com/khezen/evoli/populationSync.go:84.64,88.2 3 1
github.com/khezen/evoli/populationSync.go:91.43,95.2 3 1
github.com/khezen/evoli/populationSync.go:98.43,102.2 3 1
github.com/khezen/evoli/populationSync.go:105.62,107.36 2 6
github.com/khezen/evoli/populationSync.go:111.2,111.12 1 6
github.com/khezen/evoli/populationSync.go:107.36,110.3 2 6
github.com/khezen/evoli/populationSync.go:115.65,119.2 3 9
github.com/khezen/evoli/populationSync.go:122.62,126.2 3 4
github.com/khezen/evoli/populationSync.go:129.47,133.2 3 41
github.com/khezen/evoli/populationSync.go:135.50,137.2 1 16
github.com/khezen/evoli/evolution.go:17.61,19.2 1 27
github.com/khezen/evoli/evolution.go:20.45,22.2 1 66
github.com/khezen/evoli/evolution.go:24.51,26.2 1 8
github.com/khezen/evoli/evolution.go:28.40,30.2 1 10
github.com/khezen/evoli/evolution.go:32.43,34.2 1 22
github.com/khezen/evoli/genetic.go:27.137,28.22 1 22
github.com/khezen/evoli/genetic.go:31.2,31.56 1 22
github.com/khezen/evoli/genetic.go:34.2,34.83 1 22
github.com/khezen/evoli/genetic.go:28.22,29.25 1 0
github.com/khezen/evoli/genetic.go:31.56,32.25 1 0
github.com/khezen/evoli/genetic.go:38.32,40.16 2 110
github.com/khezen/evoli/genetic.go:43.2,44.16 2 110
github.com/khezen/evoli/genetic.go:47.2,48.16 2 110
github.com/khezen/evoli/genetic.go:51.2,52.16 2 110
github.com/khezen/evoli/genetic.go:55.2,57.12 3 110
github.com/khezen/evoli/genetic.go:40.16,42.3 1 0
github.com/khezen/evoli/genetic.go:44.16,46.3 1 0
github.com/khezen/evoli/genetic.go:48.16,50.3 1 0
github.com/khezen/evoli/genetic.go:52.16,54.3 1 0
github.com/khezen/evoli/genetic.go:60.52,62.30 2 110
github.com/khezen/evoli/genetic.go:70.2,70.12 1 110
github.com/khezen/evoli/genetic.go:62.30,65.17 3 5060
github.com/khezen/evoli/genetic.go:68.3,68.33 1 5060
github.com/khezen/evoli/genetic.go:65.17,67.4 1 0
github.com/khezen/evoli/genetic.go:73.66,76.32 3 110
github.com/khezen/evoli/genetic.go:93.2,93.22 1 110
github.com/khezen/evoli/genetic.go:76.32,78.13 2 2034
github.com/khezen/evoli/genetic.go:86.3,88.17 3 2034
github.com/khezen/evoli/genetic.go:91.3,91.24 1 2034
github.com/khezen/evoli/genetic.go:78.13,79.13 1 76
github.com/khezen/evoli/genetic.go:80.23,81.14 1 5
github.com/khezen/evoli/genetic.go:82.12,83.14 1 71
github.com/khezen/evoli/genetic.go:88.17,90.4 1 0
github.com/khezen/evoli/genetic.go:96.65,97.33 1 110
github.com/khezen/evoli/genetic.go:107.2,107.17 1 110
github.com/khezen/evoli/genetic.go:97.33,98.46 1 2034
github.com/khezen/evoli/genetic.go:98.46,101.18 3 44
github.com/khezen/evoli/genetic.go:104.4,104.26 1 44
github.com/khezen/evoli/genetic.go:101.18,103.5 1 0
github.com/khezen/evoli/genetic.go:116.141,118.2 1 2
github.com/khezen/evoli/genetic.go:120.36,124.2 3 1
github.com/khezen/evoli/genetic.go:126.47,130.2 3 2
github.com/khezen/evoli/genetic.go:132.53,136.2 3 1
github.com/khezen/evoli/genetic.go:138.42,142.2 3 1
github.com/khezen/evoli/population.go:41.45,42.18 1 434
github.com/khezen/evoli/population.go:45.2,46.13 2 434
github.com/khezen/evoli/population.go:42.18,43.21 1 0
github.com/khezen/evoli/population.go:50.34,52.2 1 104821
github.com/khezen/evoli/population.go:56.44,60.2 3 26426
github.com/khezen/evoli/population.go:63.39,64.66 1 10990
github.com/khezen/evoli/population.go:64.66,68.3 3 10968
github.com/khezen/evoli/population.go:72.31,74.2 1 134
github.com/khezen/evoli/population.go:77.34,79.2 1 671
github.com/khezen/evoli/population.go:82.43,83.16 1 14
github.com/khezen/evoli/population.go:86.2,87.26 2 14
github.com/khezen/evoli/population.go:83.16,84.21 1 0
github.com/khezen/evoli/population.go:87.26,89.10 2 12
github.com/khezen/evoli/population.go:96.3,96.18 1 12
github.com/khezen/evoli/population.go:90.28,92.45 2 4
github.com/khezen/evoli/population.go:93.28,94.48 1 8
github.com/khezen/evoli/population.go:101.49,103.2 1 7498
github.com/khezen/evoli/population.go:106.46,108.16 2 72800
github.com/khezen/evoli/population.go:111.2,111.18 1 72800
github.com/khezen/evoli/population.go:108.16,109.13 1 0
github.com/khezen/evoli/population.go:115.40,117.16 2 76
github.com/khezen/evoli/population.go:120.2,123.26 4 76
github.com/khezen/evoli/population.go:117.16,118.13 1 0
github.com/khezen/evoli/population.go:127.58,128.36 1 2
github.com/khezen/evoli/population.go:128.36,130.17 2 2
github.com/khezen/evoli/population.go:130.17,132.4 1 2
github.com/khezen/evoli/population.go:137.62,139.16 2 46
github.com/khezen/evoli/population.go:142.2,142.24 1 46
github.com/khezen/evoli/population.go:139.16,140.13 1 0
github.com/khezen/evoli/population.go:146.41,148.2 1 10
github.com/khezen/evoli/population.go:151.41,153.2 1 122
github.com/khezen/evoli/population.go:155.62,158.30 3 132
github.com/khezen/evoli/population.go:164.2,164.17 1 132
github.com/khezen/evoli/population.go:158.30,160.118 2 5112
github.com/khezen/evoli/population.go:160.118,162.4 1 197
github.com/khezen/evoli/population.go:168.60,170.36 2 24
github.com/khezen/evoli/population.go:174.2,174.12 1 24
github.com/khezen/evoli/population.go:170.36,173.3 2 24
github.com/khezen/evoli/population.go:178.63,179.31 1 39
github.com/khezen/evoli/population.go:184.2,184.24 1 11
github.com/khezen/evoli/population.go:179.31,180.27 1 77
github.com/khezen/evoli/population.go:180.27,182.4 1 28
github.com/khezen/evoli/population.go:188.60,189.34 1 8
github.com/khezen/evoli/population.go:189.34,191.14 2 22
github.com/khezen/evoli/population.go:191.14,192.9 1 4
github.com/khezen/evoli/population.go:198.45,200.2 1 402
github.com/khezen/evoli/population.go:202.48,204.2 1 156
github.com/khezen/evoli/population.go:206.48,207.29 1 72922
github.com/khezen/evoli/population.go:210.2,210.12 1 72922
github.com/khezen/evoli/population.go:207.29,209.3 1 0
mode: atomic
github.com/khezen/evoli/populationSync.go:11.49,17.2 2 25
github.com/khezen/evoli/populationSync.go:20.36,24.2 3 207
github.com/khezen/evoli/populationSync.go:28.46,32.2 3 9
github.com/khezen/evoli/populationSync.go:35.41,39.2 3 17
github.com/khezen/evoli/populationSync.go:42.33,46.2 3 11
github.com/khezen/evoli/populationSync.go:49.45,53.2 3 7
github.com/khezen/evoli/populationSync.go:56.51,60.2 3 31
github.com/khezen/evoli/populationSync.go:63.48,67.2 3 253
github.com/khezen/evoli/populationSync.go:70.42,74.2 3 1
github.com/khezen/evoli/populationSync.go:77.60,81.2 3 1
github.com/khezen/evoli/populationSync.go:84.64,88.2 3 1
github.com/khezen/evoli/populationSync.go:91.43,95.2 3 1
github.com/khezen/evoli/populationSync.go:98.43,102.2 3 1
github.com/khezen/evoli/populationSync.go:105.62,107.36 2 6
github.com/khezen/evoli/populationSync.go:111.2,111.12 1 6
github.com/khezen/evoli/populationSync.go:107.36,110.3 2 6
github.com/khezen/evoli/populationSync.go:115.65,119.2 3 9
github.com/khezen/evoli/populationSync.go:122.62,126.2 3 4
github.com/khezen/evoli/populationSync.go:129.47,133.2 3 41
github.com/khezen/evoli/populationSync.go:135.50,137.2 1 16
github.com/khezen/evoli/poolSync.go:11.35,16.2 1 6
github.com/khezen/evoli/poolSync.go:18.37,22.2 3 11
github.com/khezen/evoli/poolSync.go:24.40,28.2 3 1
github.com/khezen/evoli/poolSync.go:30.42,34.2 3 2
github.com/khezen/evoli/poolSync.go:36.45,40.2 3 1
github.com/khezen/evoli/poolSync.go:42.47,46.2 3 4
github.com/khezen/evoli/poolSync.go:48.47,52.2 3 1
github.com/khezen/evoli/poolSync.go:54.39,58.2 3 1
github.com/khezen/evoli/poolSync.go:60.30,64.2 3 1
github.com/khezen/evoli/poolSync.go:66.33,70.2 3 1
github.com/khezen/evoli/poolSync.go:72.38,76.2 3 1
github.com/khezen/evoli/population.go:41.45,42.18 1 434
github.com/khezen/evoli/population.go:45.2,46.13 2 434
github.com/khezen/evoli/population.go:42.18,43.21 1 0
github.com/khezen/evoli/population.go:50.34,52.2 1 104822
github.com/khezen/evoli/population.go:56.44,60.2 3 26426
github.com/khezen/evoli/population.go:63.39,64.66 1 10990
github.com/khezen/evoli/population.go:64.66,68.3 3 10968
github.com/khezen/evoli/population.go:72.31,74.2 1 134
github.com/khezen/evoli/population.go:77.34,79.2 1 671
github.com/khezen/evoli/population.go:82.43,83.16 1 14
github.com/khezen/evoli/population.go:86.2,87.26 2 14
github.com/khezen/evoli/population.go:83.16,84.21 1 0
github.com/khezen/evoli/population.go:87.26,89.10 2 12
github.com/khezen/evoli/population.go:96.3,96.18 1 12
github.com/khezen/evoli/population.go:90.28,92.45 2 4
github.com/khezen/evoli/population.go:93.28,94.48 1 8
github.com/khezen/evoli/population.go:101.49,103.2 1 7498
github.com/khezen/evoli/population.go:106.46,108.16 2 72800
github.com/khezen/evoli/population.go:111.2,111.18 1 72800
github.com/khezen/evoli/population.go:108.16,109.13 1 0
github.com/khezen/evoli/population.go:115.40,117.16 2 76
github.com/khezen/evoli/population.go:120.2,123.26 4 76
github.com/khezen/evoli/population.go:117.16,118.13 1 0
github.com/khezen/evoli/population.go:127.58,128.36 1 2
github.com/khezen/evoli/population.go:128.36,130.17 2 2
github.com/khezen/evoli/population.go:130.17,132.4 1 2
github.com/khezen/evoli/population.go:137.62,139.16 2 46
github.com/khezen/evoli/population.go:142.2,142.24 1 46
github.com/khezen/evoli/population.go:139.16,140.13 1 0
github.com/khezen/evoli/population.go:146.41,148.2 1 10
github.com/khezen/evoli/population.go:151.41,153.2 1 122
github.com/khezen/evoli/population.go:155.62,158.30 3 132
github.com/khezen/evoli/population.go:164.2,164.17 1 132
github.com/khezen/evoli/population.go:158.30,160.118 2 5112
github.com/khezen/evoli/population.go:160.118,162.4 1 197
github.com/khezen/evoli/population.go:168.60,170.36 2 24
github.com/khezen/evoli/population.go:174.2,174.12 1 24
github.com/khezen/evoli/population.go:170.36,173.3 2 24
github.com/khezen/evoli/population.go:178.63,179.31 1 39
github.com/khezen/evoli/population.go:184.2,184.24 1 11
github.com/khezen/evoli/population.go:179.31,180.27 1 77
github.com/khezen/evoli/population.go:180.27,182.4 1 28
github.com/khezen/evoli/population.go:188.60,189.34 1 8
github.com/khezen/evoli/population.go:189.34,191.14 2 22
github.com/khezen/evoli/population.go:191.14,192.9 1 4
github.com/khezen/evoli/population.go:198.45,200.2 1 402
github.com/khezen/evoli/population.go:202.48,204.2 1 156
github.com/khezen/evoli/population.go:206.48,207.29 1 72922
github.com/khezen/evoli/population.go:210.2,210.12 1 72922
github.com/khezen/evoli/population.go:207.29,209.3 1 0
github.com/khezen/evoli/evolution.go:17.61,19.2 1 27
github.com/khezen/evoli/evolution.go:20.45,22.2 1 66
github.com/khezen/evoli/evolution.go:24.51,26.2 1 8
github.com/khezen/evoli/evolution.go:28.40,30.2 1 10
github.com/khezen/evoli/evolution.go:32.43,34.2 1 22
github.com/khezen/evoli/individual.go:19.48,25.2 2 201
github.com/khezen/evoli/individual.go:28.44,30.2 1 1673
github.com/khezen/evoli/individual.go:33.54,35.2 1 78
github.com/khezen/evoli/individual.go:38.62,40.2 1 77
github.com/khezen/evoli/individual.go:50.52,60.2 2 30
github.com/khezen/evoli/individual.go:63.48,67.2 3 326
github.com/khezen/evoli/individual.go:70.58,74.2 3 51
github.com/khezen/evoli/swarm.go:20.101,21.24 1 5
github.com/khezen/evoli/swarm.go:24.2,24.98 1 5
github.com/khezen/evoli/swarm.go:21.24,22.25 1 0
github.com/khezen/evoli/swarm.go:27.30,29.16 2 102
github.com/khezen/evoli/swarm.go:32.2,33.16 2 102
github.com/khezen/evoli/swarm.go:36.2,37.12 2 102
github.com/khezen/evoli/swarm.go:29.16,31.3 1 0
github.com/khezen/evoli/swarm.go:33.16,35.3 1 0
github.com/khezen/evoli/swarm.go:40.64,42.30 2 102
github.com/khezen/evoli/swarm.go:54.2,54.17 1 102
github.com/khezen/evoli/swarm.go:42.30,45.17 3 5012
github.com/khezen/evoli/swarm.go:48.3,49.42 2 5012
github.com/khezen/evoli/swarm.go:52.3,52.33 1 5012
github.com/khezen/evoli/swarm.go:45.17,47.4 1 0
github.com/khezen/evoli/swarm.go:49.42,51.4 1 555
github.com/khezen/evoli/swarm.go:57.65,61.36 4 102
github.com/khezen/evoli/swarm.go:71.2,71.20 1 102
github.com/khezen/evoli/swarm.go:61.36,64.17 3 5012
github.com/khezen/evoli/swarm.go:67.3,69.23 3 5012
github.com/khezen/evoli/swarm.go:64.17,66.4 1 0
github.com/khezen/evoli/swarm.go:74.47,77.2 2 2
github.com/khezen/evoli/swarm.go:87.105,89.2 1 2
github.com/khezen/evoli/swarm.go:91.34,95.2 3 1
github.com/khezen/evoli/swarm.go:97.45,101.2 3 2
github.com/khezen/evoli/swarm.go:103.51,107.2 3 1
github.com/khezen/evoli/swarm.go:109.40,113.2 3 1
github.com/khezen/evoli/genetic.go:27.137,28.22 1 22
github.com/khezen/evoli/genetic.go:31.2,31.56 1 22
github.com/khezen/evoli/genetic.go:34.2,34.83 1 22
github.com/khezen/evoli/genetic.go:28.22,29.25 1 0
github.com/khezen/evoli/genetic.go:31.56,32.25 1 0
github.com/khezen/evoli/genetic.go:38.32,40.16 2 110
github.com/khezen/evoli/genetic.go:43.2,44.16 2 110
github.com/khezen/evoli/genetic.go:47.2,48.16 2 110
github.com/khezen/evoli/genetic.go:51.2,52.16 2 110
github.com/khezen/evoli/genetic.go:55.2,57.12 3 110
github.com/khezen/evoli/genetic.go:40.16,42.3 1 0
github.com/khezen/evoli/genetic.go:44.16,46.3 1 0
github.com/khezen/evoli/genetic.go:48.16,50.3 1 0
github.com/khezen/evoli/genetic.go:52.16,54.3 1 0
github.com/khezen/evoli/genetic.go:60.52,62.30 2 110
github.com/khezen/evoli/genetic.go:70.2,70.12 1 110
github.com/khezen/evoli/genetic.go:62.30,65.17 3 5060
github.com/khezen/evoli/genetic.go:68.3,68.33 1 5060
github.com/khezen/evoli/genetic.go:65.17,67.4 1 0
github.com/khezen/evoli/genetic.go:73.66,76.32 3 110
github.com/khezen/evoli/genetic.go:93.2,93.22 1 110
github.com/khezen/evoli/genetic.go:76.32,78.13 2 2034
github.com/khezen/evoli/genetic.go:86.3,88.17 3 2034
github.com/khezen/evoli/genetic.go:91.3,91.24 1 2034
github.com/khezen/evoli/genetic.go:78.13,79.13 1 77
github.com/khezen/evoli/genetic.go:80.23,81.14 1 5
github.com/khezen/evoli/genetic.go:82.12,83.14 1 72
github.com/khezen/evoli/genetic.go:88.17,90.4 1 0
github.com/khezen/evoli/genetic.go:96.65,97.33 1 110
github.com/khezen/evoli/genetic.go:107.2,107.17 1 110
github.com/khezen/evoli/genetic.go:97.33,98.46 1 2034
github.com/khezen/evoli/genetic.go:98.46,101.18 3 44
github.com/khezen/evoli/genetic.go:104.4,104.26 1 44
github.com/khezen/evoli/genetic.go:101.18,103.5 1 0
github.com/khezen/evoli/genetic.go:116.141,118.2 1 2
github.com/khezen/evoli/genetic.go:120.36,124.2 3 1
github.com/khezen/evoli/genetic.go:126.47,130.2 3 2
github.com/khezen/evoli/genetic.go:132.53,136.2 3 1
github.com/khezen/evoli/genetic.go:138.42,142.2 3 1
github.com/khezen/evoli/arbitrer.go:11.54,12.27 1 25
github.com/khezen/evoli/arbitrer.go:12.27,13.24 1 0
github.com/khezen/evoli/arbitrer.go:21.91,27.2 5 25
github.com/khezen/evoli/arbitrer.go:30.50,32.2 1 1
github.com/khezen/evoli/arbitrer.go:35.47,37.2 1 1
github.com/khezen/evoli/arbitrer.go:40.39,42.2 1 1
github.com/khezen/evoli/arbitrer.go:45.39,47.2 1 1
github.com/khezen/evoli/arbitrer.go:50.35,52.2 1 1
github.com/khezen/evoli/pool.go:34.31,36.2 1 12
github.com/khezen/evoli/pool.go:38.33,39.21 1 22
github.com/khezen/evoli/pool.go:48.2,48.40 1 22
github.com/khezen/evoli/pool.go:40.11,42.8 2 12
github.com/khezen/evoli/pool.go:43.21,44.8 1 10
github.com/khezen/evoli/pool.go:45.10,46.26 1 0
github.com/khezen/evoli/pool.go:51.36,53.30 2 2
github.com/khezen/evoli/pool.go:61.2,61.28 1 2
github.com/khezen/evoli/pool.go:53.30,54.27 1 2
github.com/khezen/evoli/pool.go:54.27,58.9 4 2
github.com/khezen/evoli/pool.go:61.28,63.3 1 2
github.com/khezen/evoli/pool.go:66.38,67.30 1 4
github.com/khezen/evoli/pool.go:72.2,72.14 1 2
github.com/khezen/evoli/pool.go:67.30,68.27 1 2
github.com/khezen/evoli/pool.go:68.27,70.4 1 2
github.com/khezen/evoli/pool.go:75.41,77.2 1 2
github.com/khezen/evoli/pool.go:79.43,81.33 2 8
github.com/khezen/evoli/pool.go:84.2,84.20 1 8
github.com/khezen/evoli/pool.go:81.33,83.3 1 16
github.com/khezen/evoli/pool.go:87.43,89.33 2 2
github.com/khezen/evoli/pool.go:92.2,93.33 2 2
github.com/khezen/evoli/pool.go:96.2,96.20 1 2
github.com/khezen/evoli/pool.go:89.33,91.3 1 4
github.com/khezen/evoli/pool.go:93.33,95.3 1 4
github.com/khezen/evoli/pool.go:99.35,101.33 2 2
github.com/khezen/evoli/pool.go:107.2,107.14 1 2
github.com/khezen/evoli/pool.go:101.33,103.59 2 4
github.com/khezen/evoli/pool.go:103.59,105.4 1 4
github.com/khezen/evoli/pool.go:110.26,114.33 4 2
github.com/khezen/evoli/pool.go:121.2,122.33 2 2
github.com/khezen/evoli/pool.go:125.2,125.36 1 2
github.com/khezen/evoli/pool.go:136.2,136.30 1 2
github.com/khezen/evoli/pool.go:114.33,120.3 5 4
github.com/khezen/evoli/pool.go:122.33,124.3 1 4
github.com/khezen/evoli/pool.go:125.36,129.59 4 24
github.com/khezen/evoli/pool.go:129.59,134.4 4 4
github.com/khezen/evoli/pool.go:136.30,138.3 1 4
github.com/khezen/evoli/pool.go:141.29,142.33 1 2
github.com/khezen/evoli/pool.go:148.2,148.12 1 2
github.com/khezen/evoli/pool.go:142.33,144.17 2 4
github.com/khezen/evoli/pool.go:144.17,146.4 1 0
github.com/khezen/evoli/pool.go:151.34,156.33 5 2
github.com/khezen/evoli/pool.go:165.2,166.19 2 2
github.com/khezen/evoli/pool.go:156.33,157.24 1 4
github.com/khezen/evoli/pool.go:157.24,159.18 2 4
github.com/khezen/evoli/pool.go:162.4,162.13 1 4
github.com/khezen/evoli/pool.go:159.18,161.5 1 0
github.com/khezen/evoli/selecter.go:12.43,13.23 1 160
github.com/khezen/evoli/selecter.go:13.23,14.25 1 0
github.com/khezen/evoli/selecter.go:20.102,22.32 2 10
github.com/khezen/evoli/selecter.go:25.2,28.35 4 8
github.com/khezen/evoli/selecter.go:42.2,42.20 1 8
github.com/khezen/evoli/selecter.go:22.32,24.3 1 2
github.com/khezen/evoli/selecter.go:28.35,29.34 1 23
github.com/khezen/evoli/selecter.go:29.34,30.37 1 124
github.com/khezen/evoli/selecter.go:33.4,35.61 3 119
github.com/khezen/evoli/selecter.go:30.37,31.10 1 5
github.com/khezen/evoli/selecter.go:35.61,39.5 3 11
github.com/khezen/evoli/selecter.go:45.95,47.2 1 169
github.com/khezen/evoli/selecter.go:49.98,51.30 2 8
github.com/khezen/evoli/selecter.go:55.2,55.19 1 8
github.com/khezen/evoli/selecter.go:51.30,54.3 2 50
github.com/khezen/evoli/selecter.go:58.78,62.9 4 8
github.com/khezen/evoli/selecter.go:68.2,68.9 1 8
github.com/khezen/evoli/selecter.go:74.2,74.15 1 8
github.com/khezen/evoli/selecter.go:63.15,64.17 1 4
github.com/khezen/evoli/selecter.go:65.15,66.16 1 4
github.com/khezen/evoli/selecter.go:69.15,70.17 1 2
github.com/khezen/evoli/selecter.go:71.15,72.16 1 6
github.com/khezen/evoli/selecter.go:78.50,80.2 1 2
github.com/khezen/evoli/selecter.go:84.91,86.32 2 10
github.com/khezen/evoli/selecter.go:89.2,90.35 2 8
github.com/khezen/evoli/selecter.go:106.2,106.20 1 8
github.com/khezen/evoli/selecter.go:86.32,88.3 1 2
github.com/khezen/evoli/selecter.go:90.35,92.13 2 11
github.com/khezen/evoli/selecter.go:100.3,103.20 4 11
github.com/khezen/evoli/selecter.go:92.13,93.13 1 2
github.com/khezen/evoli/selecter.go:94.23,95.14 1 0
github.com/khezen/evoli/selecter.go:96.12,97.14 1 2
github.com/khezen/evoli/selecter.go:109.107,118.9 7 11
github.com/khezen/evoli/selecter.go:119.48,120.16 1 3
github.com/khezen/evoli/selecter.go:121.10,122.16 1 8
github.com/khezen/evoli/selecter.go:126.67,128.9 2 11
github.com/khezen/evoli/selecter.go:134.2,134.9 1 11
github.com/khezen/evoli/selecter.go:140.2,140.15 1 11
github.com/khezen/evoli/selecter.go:129.14,130.16 1 4
github.com/khezen/evoli/selecter.go:131.14,132.15 1 7
github.com/khezen/evoli/selecter.go:135.14,136.16 1 2
github.com/khezen/evoli/selecter.go:137.14,138.15 1 9
github.com/khezen/evoli/selecter.go:144.39,146.2 1 2
github.com/khezen/evoli/selecter.go:150.91,155.38 5 120
github.com/khezen/evoli/selecter.go:160.2,162.20 3 120
github.com/khezen/evoli/selecter.go:155.38,157.3 1 1
github.com/khezen/evoli/selecter.go:157.8,159.3 1 119
github.com/khezen/evoli/selecter.go:166.39,168.2 1 23
github.com/khezen/evoli/selecter.go:172.87,177.40 5 10
github.com/khezen/evoli/selecter.go:180.2,180.20 1 10
github.com/khezen/evoli/selecter.go:177.40,179.3 1 39
github.com/khezen/evoli/selecter.go:184.35,186.2 1 2
github.com/khezen/evoli/selecter.go:190.99,192.32 2 10
github.com/khezen/evoli/selecter.go:195.2,198.35 4 8
github.com/khezen/evoli/selecter.go:212.2,212.20 1 8
github.com/khezen/evoli/selecter.go:192.32,194.3 1 2
github.com/khezen/evoli/selecter.go:198.35,199.34 1 11
github.com/khezen/evoli/selecter.go:199.34,200.37 1 41
github.com/khezen/evoli/selecter.go:203.4,204.42 2 37
github.com/khezen/evoli/selecter.go:200.37,201.10 1 4
github.com/khezen/evoli/selecter.go:204.42,209.5 4 11
github.com/khezen/evoli/selecter.go:215.79,218.2 2 8
github.com/khezen/evoli/selecter.go:221.47,223.2 1 2
github.com/khezen/evoli/selecter.go:227.93,229.32 2 0
github.com/khezen/evoli/selecter.go:232.2,235.35 4 0
github.com/khezen/evoli/selecter.go:249.2,249.20 1 0
github.com/khezen/evoli/selecter.go:229.32,231.3 1 0
github.com/khezen/evoli/selecter.go:235.35,236.34 1 0
github.com/khezen/evoli/selecter.go:236.34,237.37 1 0
github.com/khezen/evoli/selecter.go:240.4,241.42 2 0
github.com/khezen/evoli/selecter.go:237.37,238.10 1 0
github.com/khezen/evoli/selecter.go:241.42,246.5 4 0
github.com/khezen/evoli/selecter.go:252.73,255.2 2 0
github.com/khezen/evoli/selecter.go:258.41,260.2 1 0
mode: atomic
github.com/khezen/evoli/evolution.go:17.61,19.2 1 27
github.com/khezen/evoli/evolution.go:20.45,22.2 1 66
github.com/khezen/evoli/evolution.go:24.51,26.2 1 8
github.com/khezen/evoli/evolution.go:28.40,30.2 1 10
github.com/khezen/evoli/evolution.go:32.43,34.2 1 22
github.com/khezen/evoli/individual.go:19.48,25.2 2 201
github.com/khezen/evoli/individual.go:28.44,30.2 1 1673
github.com/khezen/evoli/individual.go:33.54,35.2 1 78
github.com/khezen/evoli/individual.go:38.62,40.2 1 77
github.com/khezen/evoli/individual.go:50.52,60.2 2 30
github.com/khezen/evoli/individual.go:63.48,67.2 3 326
github.com/khezen/evoli/individual.go:70.58,74.2 3 51
github.com/khezen/evoli/pool.go:34.31,36.2 1 12
github.com/khezen/evoli/pool.go:38.33,39.21 1 22
github.com/khezen/evoli/pool.go:48.2,48.40 1 22
github.com/khezen/evoli/pool.go:40.11,42.8 2 12
github.com/khezen/evoli/pool.go:43.21,44.8 1 10
github.com/khezen/evoli/pool.go:45.10,46.26 1 0
github.com/khezen/evoli/pool.go:51.36,53.30 2 2
github.com/khezen/evoli/pool.go:61.2,61.28 1 2
github.com/khezen/evoli/pool.go:53.30,54.27 1 2
github.com/khezen/evoli/pool.go:54.27,58.9 4 2
github.com/khezen/evoli/pool.go:61.28,63.3 1 2
github.com/khezen/evoli/pool.go:66.38,67.30 1 4
github.com/khezen/evoli/pool.go:72.2,72.14 1 2
github.com/khezen/evoli/pool.go:67.30,68.27 1 2
github.com/khezen/evoli/pool.go:68.27,70.4 1 2
github.com/khezen/evoli/pool.go:75.41,77.2 1 2
github.com/khezen/evoli/pool.go:79.43,81.33 2 8
github.com/khezen/evoli/pool.go:84.2,84.20 1 8
github.com/khezen/evoli/pool.go:81.33,83.3 1 16
github.com/khezen/evoli/pool.go:87.43,89.33 2 2
github.com/khezen/evoli/pool.go:92.2,93.33 2 2
github.com/khezen/evoli/pool.go:96.2,96.20 1 2
github.com/khezen/evoli/pool.go:89.33,91.3 1 4
github.com/khezen/evoli/pool.go:93.33,95.3 1 4
github.com/khezen/evoli/pool.go:99.35,101.33 2 2
github.com/khezen/evoli/pool.go:107.2,107.14 1 2
github.com/khezen/evoli/pool.go:101.33,103.59 2 4
github.com/khezen/evoli/pool.go:103.59,105.4 1 4
github.com/khezen/evoli/pool.go:110.26,114.33 4 2
github.com/khezen/evoli/pool.go:121.2,122.33 2 2
github.com/khezen/evoli/pool.go:125.2,125.36 1 2
github.com/khezen/evoli/pool.go:136.2,136.30 1 2
github.com/khezen/evoli/pool.go:114.33,120.3 5 4
github.com/khezen/evoli/pool.go:122.33,124.3 1 4
github.com/khezen/evoli/pool.go:125.36,129.59 4 24
github.com/khezen/evoli/pool.go:129.59,134.4 4 4
github.com/khezen/evoli/pool.go:136.30,138.3 1 4
github.com/khezen/evoli/pool.go:141.29,142.33 1 2
github.com/khezen/evoli/pool.go:148.2,148.12 1 2
github.com/khezen/evoli/pool.go:142.33,144.17 2 4
github.com/khezen/evoli/pool.go:144.17,146.4 1 0
github.com/khezen/evoli/pool.go:151.34,156.33 5 2
github.com/khezen/evoli/pool.go:165.2,166.19 2 2
github.com/khezen/evoli/pool.go:156.33,157.24 1 4
github.com/khezen/evoli/pool.go:157.24,159.18 2 4
github.com/khezen/evoli/pool.go:162.4,162.13 1 4
github.com/khezen/evoli/pool.go:159.18,161.5 1 0
github.com/khezen/evoli/selecter.go:12.43,13.23 1 160
github.com/khezen/evoli/selecter.go:13.23,14.25 1 0
github.com/khezen/evoli/selecter.go:20.102,22.32 2 10
github.com/khezen/evoli/selecter.go:25.2,28.35 4 8
github.com/khezen/evoli/selecter.go:42.2,42.20 1 8
github.com/khezen/evoli/selecter.go:22.32,24.3 1 2
github.com/khezen/evoli/selecter.go:28.35,29.34 1 23
github.com/khezen/evoli/selecter.go:29.34,30.37 1 124
github.com/khezen/evoli/selecter.go:33.4,35.61 3 119
github.com/khezen/evoli/selecter.go:30.37,31.10 1 5
github.com/khezen/evoli/selecter.go:35.61,39.5 3 11
github.com/khezen/evoli/selecter.go:45.95,47.2 1 169
github.com/khezen/evoli/selecter.go:49.98,51.30 2 8
github.com/khezen/evoli/selecter.go:55.2,55.19 1 8
github.com/khezen/evoli/selecter.go:51.30,54.3 2 50
github.com/khezen/evoli/selecter.go:58.78,62.9 4 8
github.com/khezen/evoli/selecter.go:68.2,68.9 1 8
github.com/khezen/evoli/selecter.go:74.2,74.15 1 8
github.com/khezen/evoli/selecter.go:63.15,64.17 1 4
github.com/khezen/evoli/selecter.go:65.15,66.16 1 4
github.com/khezen/evoli/selecter.go:69.15,70.17 1 2
github.com/khezen/evoli/selecter.go:71.15,72.16 1 6
github.com/khezen/evoli/selecter.go:78.50,80.2 1 2
github.com/khezen/evoli/selecter.go:84.91,86.32 2 10
github.com/khezen/evoli/selecter.go:89.2,90.35 2 8
github.com/khezen/evoli/selecter.go:106.2,106.20 1 8
github.com/khezen/evoli/selecter.go:86.32,88.3 1 2
github.com/khezen/evoli/selecter.go:90.35,92.13 2 11
github.com/khezen/evoli/selecter.go:100.3,103.20 4 11
github.com/khezen/evoli/selecter.go:92.13,93.13 1 2
github.com/khezen/evoli/selecter.go:94.23,95.14 1 0
github.com/khezen/evoli/selecter.go:96.12,97.14 1 2
github.com/khezen/evoli/selecter.go:109.107,118.9 7 11
github.com/khezen/evoli/selecter.go:119.48,120.16 1 3
github.com/khezen/evoli/selecter.go:121.10,122.16 1 8
github.com/khezen/evoli/selecter.go:126.67,128.9 2 11
github.com/khezen/evoli/selecter.go:134.2,134.9 1 11
github.com/khezen/evoli/selecter.go:140.2,140.15 1 11
github.com/khezen/evoli/selecter.go:129.14,130.16 1 4
github.com/khezen/evoli/selecter.go:131.14,132.15 1 7
github.com/khezen/evoli/selecter.go:135.14,136.16 1 2
github.com/khezen/evoli/selecter.go:137.14,138.15 1 9
github.com/khezen/evoli/selecter.go:144.39,146.2 1 2
github.com/khezen/evoli/selecter.go:150.91,155.38 5 120
github.com/khezen/evoli/selecter.go:160.2,162.20 3 120
github.com/khezen/evoli/selecter.go:155.38,157.3 1 1
github.com/khezen/evoli/selecter.go:157.8,159.3 1 119
github.com/khezen/evoli/selecter.go:166.39,168.2 1 23
github.com/khezen/evoli/selecter.go:172.87,177.40 5 10
github.com/khezen/evoli/selecter.go:180.2,180.20 1 10
github.com/khezen/evoli/selecter.go:177.40,179.3 1 39
github.com/khezen/evoli/selecter.go:184.35,186.2 1 2
github.com/khezen/evoli/selecter.go:190.99,192.32 2 10
github.com/khezen/evoli/selecter.go:195.2,198.35 4 8
github.com/khezen/evoli/selecter.go:212.2,212.20 1 8
github.com/khezen/evoli/selecter.go:192.32,194.3 1 2
github.com/khezen/evoli/selecter.go:198.35,199.34 1 11
github.com/khezen/evoli/selecter.go:199.34,200.37 1 41
github.com/khezen/evoli/selecter.go:203.4,204.42 2 37
github.com/khezen/evoli/selecter.go:200.37,201.10 1 4
github.com/khezen/evoli/selecter.go:204.42,209.5 4 11
github.com/khezen/evoli/selecter.go:215.79,218.2 2 8
github.com/khezen/evoli/selecter.go:221.47,223.2 1 2
github.com/khezen/evoli/selecter.go:227.93,229.32 2 0
github.com/khezen/evoli/selecter.go:232.2,235.35 4 0
github.com/khezen/evoli/selecter.go:249.2,249.20 1 0
github.com/khezen/evoli/selecter.go:229.32,231.3 1 0
github.com/khezen/evoli/selecter.go:235.35,236.34 1 0
github.com/khezen/evoli/selecter.go:236.34,237.37 1 0
github.com/khezen/evoli/selecter.go:240.4,241.42 2 0
github.com/khezen/evoli/selecter.go:237.37,238.10 1 0
github.com/khezen/evoli/selecter.go:241.42,246.5 4 0
github.com/khezen/evoli/selecter.go:252.73,255.2 2 0
github.com/khezen/evoli/selecter.go:258.41,260.2 1 0
github.com/khezen/evoli/swarm.go:20.101,21.24 1 5
github.com/khezen/evoli/swarm.go:24.2,24.98 1 5
github.com/khezen/evoli/swarm.go:21.24,22.25 1 0
github.com/khezen/evoli/swarm.go:27.30,29.16 2 102
github.com/khezen/evoli/swarm.go:32.2,33.16 2 102
github.com/khezen/evoli/swarm.go:36.2,37.12 2 102
github.com/khezen/evoli/swarm.go:29.16,31.3 1 0
github.com/khezen/evoli/swarm.go:33.16,35.3 1 0
github.com/khezen/evoli/swarm.go:40.64,42.30 2 102
github.com/khezen/evoli/swarm.go:54.2,54.17 1 102
github.com/khezen/evoli/swarm.go:42.30,45.17 3 5012
github.com/khezen/evoli/swarm.go:48.3,49.42 2 5012
github.com/khezen/evoli/swarm.go:52.3,52.33 1 5012
github.com/khezen/evoli/swarm.go:45.17,47.4 1 0
github.com/khezen/evoli/swarm.go:49.42,51.4 1 555
github.com/khezen/evoli/swarm.go:57.65,61.36 4 102
github.com/khezen/evoli/swarm.go:71.2,71.20 1 102
github.com/khezen/evoli/swarm.go:61.36,64.17 3 5012
github.com/khezen/evoli/swarm.go:67.3,69.23 3 5012
github.com/khezen/evoli/swarm.go:64.17,66.4 1 0
github.com/khezen/evoli/swarm.go:74.47,77.2 2 2
github.com/khezen/evoli/swarm.go:87.105,89.2 1 2
github.com/khezen/evoli/swarm.go:91.34,95.2 3 1
github.com/khezen/evoli/swarm.go:97.45,101.2 3 2
github.com/khezen/evoli/swarm.go:103.51,107.2 3 1
github.com/khezen/evoli/swarm.go:109.40,113.2 3 1
github.com/khezen/evoli/arbitrer.go:11.54,12.27 1 25
github.com/khezen/evoli/arbitrer.go:12.27,13.24 1 0
github.com/khezen/evoli/arbitrer.go:21.91,27.2 5 25
github.com/khezen/evoli/arbitrer.go:30.50,32.2 1 1
github.com/khezen/evoli/arbitrer.go:35.47,37.2 1 1
github.com/khezen/evoli/arbitrer.go:40.39,42.2 1 1
github.com/khezen/evoli/arbitrer.go:45.39,47.2 1 1
github.com/khezen/evoli/arbitrer.go:50.35,52.2 1 1
github.com/khezen/evoli/population.go:41.45,42.18 1 434
github.com/khezen/evoli/population.go:45.2,46.13 2 434
github.com/khezen/evoli/population.go:42.18,43.21 1 0
github.com/khezen/evoli/population.go:50.34,52.2 1 104822
github.com/khezen/evoli/population.go:56.44,60.2 3 26426
github.com/khezen/evoli/population.go:63.39,64.66 1 10990
github.com/khezen/evoli/population.go:64.66,68.3 3 10968
github.com/khezen/evoli/population.go:72.31,74.2 1 134
github.com/khezen/evoli/population.go:77.34,79.2 1 671
github.com/khezen/evoli/population.go:82.43,83.16 1 14
github.com/khezen/evoli/population.go:86.2,87.26 2 14
github.com/khezen/evoli/population.go:83.16,84.21 1 0
github.com/khezen/evoli/population.go:87.26,89.10 2 12
github.com/khezen/evoli/population.go:96.3,96.18 1 12
github.com/khezen/evoli/population.go:90.28,92.45 2 4
github.com/khezen/evoli/population.go:93.28,94.48 1 8
github.com/khezen/evoli/population.go:101.49,103.2 1 7498
github.com/khezen/evoli/population.go:106.46,108.16 2 72800
github.com/khezen/evoli/population.go:111.2,111.18 1 72800
github.com/khezen/evoli/population.go:108.16,109.13 1 0
github.com/khezen/evoli/population.go:115.40,117.16 2 76
github.com/khezen/evoli/population.go:120.2,123.26 4 76
github.com/khezen/evoli/population.go:117.16,118.13 1 0
github.com/khezen/evoli/population.go:127.58,128.36 1 2
github.com/khezen/evoli/population.go:128.36,130.17 2 2
github.com/khezen/evoli/population.go:130.17,132.4 1 2
github.com/khezen/evoli/population.go:137.62,139.16 2 46
github.com/khezen/evoli/population.go:142.2,142.24 1 46
github.com/khezen/evoli/population.go:139.16,140.13 1 0
github.com/khezen/evoli/population.go:146.41,148.2 1 10
github.com/khezen/evoli/population.go:151.41,153.2 1 122
github.com/khezen/evoli/population.go:155.62,158.30 3 132
github.com/khezen/evoli/population.go:164.2,164.17 1 132
github.com/khezen/evoli/population.go:158.30,160.118 2 5112
github.com/khezen/evoli/population.go:160.118,162.4 1 197
github.com/khezen/evoli/population.go:168.60,170.36 2 24
github.com/khezen/evoli/population.go:174.2,174.12 1 24
github.com/khezen/evoli/population.go:170.36,173.3 2 24
github.com/khezen/evoli/population.go:178.63,179.31 1 39
github.com/khezen/evoli/population.go:184.2,184.24 1 11
github.com/khezen/evoli/population.go:179.31,180.27 1 77
github.com/khezen/evoli/population.go:180.27,182.4 1 28
github.com/khezen/evoli/population.go:188.60,189.34 1 8
github.com/khezen/evoli/population.go:189.34,191.14 2 22
github.com/khezen/evoli/population.go:191.14,192.9 1 4
github.com/khezen/evoli/population.go:198.45,200.2 1 402
github.com/khezen/evoli/population.go:202.48,204.2 1 156
github.com/khezen/evoli/population.go:206.48,207.29 1 72922
github.com/khezen/evoli/population.go:210.2,210.12 1 72922
github.com/khezen/evoli/population.go:207.29,209.3 1 0
github.com/khezen/evoli/genetic.go:27.137,28.22 1 22
github.com/khezen/evoli/genetic.go:31.2,31.56 1 22
github.com/khezen/evoli/genetic.go:34.2,34.83 1 22
github.com/khezen/evoli/genetic.go:28.22,29.25 1 0
github.com/khezen/evoli/genetic.go:31.56,32.25 1 0
github.com/khezen/evoli/genetic.go:38.32,40.16 2 110
github.com/khezen/evoli/genetic.go:43.2,44.16 2 110
github.com/khezen/evoli/genetic.go:47.2,48.16 2 110
github.com/khezen/evoli/genetic.go:51.2,52.16 2 110
github.com/khezen/evoli/genetic.go:55.2,57.12 3 110
github.com/khezen/evoli/genetic.go:40.16,42.3 1 0
github.com/khezen/evoli/genetic.go:44.16,46.3 1 0
github.com/khezen/evoli/genetic.go:48.16,50.3 1 0
github.com/khezen/evoli/genetic.go:52.16,54.3 1 0
github.com/khezen/evoli/genetic.go:60.52,62.30 2 110
github.com/khezen/evoli/genetic.go:70.2,70.12 1 110
github.com/khezen/evoli/genetic.go:62.30,65.17 3 5060
github.com/khezen/evoli/genetic.go:68.3,68.33 1 5060
github.com/khezen/evoli/genetic.go:65.17,67.4 1 0
github.com/khezen/evoli/genetic.go:73.66,76.32 3 110
github.com/khezen/evoli/genetic.go:93.2,93.22 1 110
github.com/khezen/evoli/genetic.go:76.32,78.13 2 2034
github.com/khezen/evoli/genetic.go:86.3,88.17 3 2034
github.com/khezen/evoli/genetic.go:91.3,91.24 1 2034
github.com/khezen/evoli/genetic.go:78.13,79.13 1 77
github.com/khezen/evoli/genetic.go:80.23,81.14 1 5
github.com/khezen/evoli/genetic.go:82.12,83.14 1 72
github.com/khezen/evoli/genetic.go:88.17,90.4 1 0
github.com/khezen/evoli/genetic.go:96.65,97.33 1 110
github.com/khezen/evoli/genetic.go:107.2,107.17 1 110
github.com/khezen/evoli/genetic.go:97.33,98.46 1 2034
github.com/khezen/evoli/genetic.go:98.46,101.18 3 44
github.com/khezen/evoli/genetic.go:104.4,104.26 1 44
github.com/khezen/evoli/genetic.go:101.18,103.5 1 0
github.com/khezen/evoli/genetic.go:116.141,118.2 1 2
github.com/khezen/evoli/genetic.go:120.36,124.2 3 1
github.com/khezen/evoli/genetic.go:126.47,130.2 3 2
github.com/khezen/evoli/genetic.go:132.53,136.2 3 1
github.com/khezen/evoli/genetic.go:138.42,142.2 3 1
github.com/khezen/evoli/poolSync.go:11.35,16.2 1 6
github.com/khezen/evoli/poolSync.go:18.37,22.2 3 11
github.com/khezen/evoli/poolSync.go:24.40,28.2 3 1
github.com/khezen/evoli/poolSync.go:30.42,34.2 3 2
github.com/khezen/evoli/poolSync.go:36.45,40.2 3 1
github.com/khezen/evoli/poolSync.go:42.47,46.2 3 4
github.com/khezen/evoli/poolSync.go:48.47,52.2 3 1
github.com/khezen/evoli/poolSync.go:54.39,58.2 3 1
github.com/khezen/evoli/poolSync.go:60.30,64.2 3 1
github.com/khezen/evoli/poolSync.go:66.33,70.2 3 1
github.com/khezen/evoli/poolSync.go:72.38,76.2 3 1
github.com/khezen/evoli/populationSync.go:11.49,17.2 2 25
github.com/khezen/evoli/populationSync.go:20.36,24.2 3 207
github.com/khezen/evoli/populationSync.go:28.46,32.2 3 9
github.com/khezen/evoli/populationSync.go:35.41,39.2 3 17
github.com/khezen/evoli/populationSync.go:42.33,46.2 3 11
github.com/khezen/evoli/populationSync.go:49.45,53.2 3 7
github.com/khezen/evoli/populationSync.go:56.51,60.2 3 31
github.com/khezen/evoli/populationSync.go:63.48,67.2 3 253
github.com/khezen/evoli/populationSync.go:70.42,74.2 3 1
github.com/khezen/evoli/populationSync.go:77.60,81.2 3 1
github.com/khezen/evoli/populationSync.go:84.64,88.2 3 1
github.com/khezen/evoli/populationSync.go:91.43,95.2 3 1
github.com/khezen/evoli/populationSync.go:98.43,102.2 3 1
github.com/khezen/evoli/populationSync.go:105.62,107.36 2 6
github.com/khezen/evoli/populationSync.go:111.2,111.12 1 6
github.com/khezen/evoli/populationSync.go:107.36,110.3 2 6
github.com/khezen/evoli/populationSync.go:115.65,119.2 3 9
github.com/khezen/evoli/populationSync.go:122.62,126.2 3 4
github.com/khezen/evoli/populationSync.go:129.47,133.2 3 41
github.com/khezen/evoli/populationSync.go:135.50,137.2 1 16
mode: atomic
github.com/khezen/evoli/poolSync.go:11.35,16.2 1 6
github.com/khezen/evoli/poolSync.go:18.37,22.2 3 11
github.com/khezen/evoli/poolSync.go:24.40,28.2 3 1
github.com/khezen/evoli/poolSync.go:30.42,34.2 3 2
github.com/khezen/evoli/poolSync.go:36.45,40.2 3 1
github.com/khezen/evoli/poolSync.go:42.47,46.2 3 4
github.com/khezen/evoli/poolSync.go:48.47,52.2 3 1
github.com/khezen/evoli/poolSync.go:54.39,58.2 3 1
github.com/khezen/evoli/poolSync.go:60.30,64.2 3 1
github.com/khezen/evoli/poolSync.go:66.33,70.2 3 1
github.com/khezen/evoli/poolSync.go:72.38,76.2 3 1
github.com/khezen/evoli/population.go:41.45,42.18 1 434
github.com/khezen/evoli/population.go:45.2,46.13 2 434
github.com/khezen/evoli/population.go:42.18,43.21 1 0
github.com/khezen/evoli/population.go:50.34,52.2 1 104822
github.com/khezen/evoli/population.go:56.44,60.2 3 26426
github.com/khezen/evoli/population.go:63.39,64.66 1 10990
github.com/khezen/evoli/population.go:64.66,68.3 3 10968
github.com/khezen/evoli/population.go:72.31,74.2 1 134
github.com/khezen/evoli/population.go:77.34,79.2 1 671
github.com/khezen/evoli/population.go:82.43,83.16 1 14
github.com/khezen/evoli/population.go:86.2,87.26 2 14
github.com/khezen/evoli/population.go:83.16,84.21 1 0
github.com/khezen/evoli/population.go:87.26,89.10 2 12
github.com/khezen/evoli/population.go:96.3,96.18 1 12
github.com/khezen/evoli/population.go:90.28,92.45 2 4
github.com/khezen/evoli/population.go:93.28,94.48 1 8
github.com/khezen/evoli/population.go:101.49,103.2 1 7498
github.com/khezen/evoli/population.go:106.46,108.16 2 72800
github.com/khezen/evoli/population.go:111.2,111.18 1 72800
github.com/khezen/evoli/population.go:108.16,109.13 1 0
github.com/khezen/evoli/population.go:115.40,117.16 2 76
github.com/khezen/evoli/population.go:120.2,123.26 4 76
github.com/khezen/evoli/population.go:117.16,118.13 1 0
github.com/khezen/evoli/population.go:127.58,128.36 1 2
github.com/khezen/evoli/population.go:128.36,130.17 2 2
github.com/khezen/evoli/population.go:130.17,132.4 1 2
github.com/khezen/evoli/population.go:137.62,139.16 2 46
github.com/khezen/evoli/population.go:142.2,142.24 1 46
github.com/khezen/evoli/population.go:139.16,140.13 1 0
github.com/khezen/evoli/population.go:146.41,148.2 1 10
github.com/khezen/evoli/population.go:151.41,153.2 1 122
github.com/khezen/evoli/population.go:155.62,158.30 3 132
github.com/khezen/evoli/population.go:164.2,164.17 1 132
github.com/khezen/evoli/population.go:158.30,160.118 2 5112
github.com/khezen/evoli/population.go:160.118,162.4 1 197
github.com/khezen/evoli/population.go:168.60,170.36 2 24
github.com/khezen/evoli/population.go:174.2,174.12 1 24
github.com/khezen/evoli/population.go:170.36,173.3 2 24
github.com/khezen/evoli/population.go:178.63,179.31 1 39
github.com/khezen/evoli/population.go:184.2,184.24 1 11
github.com/khezen/evoli/population.go:179.31,180.27 1 77
github.com/khezen/evoli/population.go:180.27,182.4 1 28
github.com/khezen/evoli/population.go:188.60,189.34 1 8
github.com/khezen/evoli/population.go:189.34,191.14 2 22
github.com/khezen/evoli/population.go:191.14,192.9 1 4
github.com/khezen/evoli/population.go:198.45,200.2 1 402
github.com/khezen/evoli/population.go:202.48,204.2 1 156
github.com/khezen/evoli/population.go:206.48,207.29 1 72922
github.com/khezen/evoli/population.go:210.2,210.12 1 72922
github.com/khezen/evoli/population.go:207.29,209.3 1 0
github.com/khezen/evoli/genetic.go:27.137,28.22 1 22
github.com/khezen/evoli/genetic.go:31.2,31.56 1 22
github.com/khezen/evoli/genetic.go:34.2,34.83 1 22
github.com/khezen/evoli/genetic.go:28.22,29.25 1 0
github.com/khezen/evoli/genetic.go:31.56,32.25 1 0
github.com/khezen/evoli/genetic.go:38.32,40.16 2 110
github.com/khezen/evoli/genetic.go:43.2,44.16 2 110
github.com/khezen/evoli/genetic.go:47.2,48.16 2 110
github.com/khezen/evoli/genetic.go:51.2,52.16 2 110
github.com/khezen/evoli/genetic.go:55.2,57.12 3 110
github.com/khezen/evoli/genetic.go:40.16,42.3 1 0
github.com/khezen/evoli/genetic.go:44.16,46.3 1 0
github.com/khezen/evoli/genetic.go:48.16,50.3 1 0
github.com/khezen/evoli/genetic.go:52.16,54.3 1 0
github.com/khezen/evoli/genetic.go:60.52,62.30 2 110
github.com/khezen/evoli/genetic.go:70.2,70.12 1 110
github.com/khezen/evoli/genetic.go:62.30,65.17 3 5060
github.com/khezen/evoli/genetic.go:68.3,68.33 1 5060
github.com/khezen/evoli/genetic.go:65.17,67.4 1 0
github.com/khezen/evoli/genetic.go:73.66,76.32 3 110
github.com/khezen/evoli/genetic.go:93.2,93.22 1 110
github.com/khezen/evoli/genetic.go:76.32,78.13 2 2034
github.com/khezen/evoli/genetic.go:86.3,88.17 3 2034
github.com/khezen/evoli/genetic.go:91.3,91.24 1 2034
github.com/khezen/evoli/genetic.go:78.13,79.13 1 77
github.com/khezen/evoli/genetic.go:80.23,81.14 1 5
github.com/khezen/evoli/genetic.go:82.12,83.14 1 72
github.com/khezen/evoli/genetic.go:88.17,90.4 1 0
github.com/khezen/evoli/genetic.go:96.65,97.33 1 110
github.com/khezen/evoli/genetic.go:107.2,107.17 1 110
github.com/khezen/evoli/genetic.go:97.33,98.46 1 2034
github.com/khezen/evoli/genetic.go:98.46,101.18 3 44
github.com/khezen/evoli/genetic.go:104.4,104.26 1 44
github.com/khezen/evoli/genetic.go:101.18,103.5 1 0
github.com/khezen/evoli/genetic.go:116.141,118.2 1 2
github.com/khezen/evoli/genetic.go:120.36,124.2 3 1
github.com/khezen/evoli/genetic.go:126.47,130.2 3 2
github.com/khezen/evoli/genetic.go:132.53,136.2 3 1
github.com/khezen/evoli/genetic.go:138.42,142.2 3 1
github.com/khezen/evoli/pool.go:34.31,36.2 1 12
github.com/khezen/evoli/pool.go:38.33,39.21 1 22
github.com/khezen/evoli/pool.go:48.2,48.40 1 22
github.com/khezen/evoli/pool.go:40.11,42.8 2 12
github.com/khezen/evoli/pool.go:43.21,44.8 1 10
github.com/khezen/evoli/pool.go:45.10,46.26 1 0
github.com/khezen/evoli/pool.go:51.36,53.30 2 2
github.com/khezen/evoli/pool.go:61.2,61.28 1 2
github.com/khezen/evoli/pool.go:53.30,54.27 1 2
github.com/khezen/evoli/pool.go:54.27,58.9 4 2
github.com/khezen/evoli/pool.go:61.28,63.3 1 2
github.com/khezen/evoli/pool.go:66.38,67.30 1 4
github.com/khezen/evoli/pool.go:72.2,72.14 1 2
github.com/khezen/evoli/pool.go:67.30,68.27 1 2
github.com/khezen/evoli/pool.go:68.27,70.4 1 2
github.com/khezen/evoli/pool.go:75.41,77.2 1 2
github.com/khezen/evoli/pool.go:79.43,81.33 2 8
github.com/khezen/evoli/pool.go:84.2,84.20 1 8
github.com/khezen/evoli/pool.go:81.33,83.3 1 16
github.com/khezen/evoli/pool.go:87.43,89.33 2 2
github.com/khezen/evoli/pool.go:92.2,93.33 2 2
github.com/khezen/evoli/pool.go:96.2,96.20 1 2
github.com/khezen/evoli/pool.go:89.33,91.3 1 4
github.com/khezen/evoli/pool.go:93.33,95.3 1 4
github.com/khezen/evoli/pool.go:99.35,101.33 2 2
github.com/khezen/evoli/pool.go:107.2,107.14 1 2
github.com/khezen/evoli/pool.go:101.33,103.59 2 4
github.com/khezen/evoli/pool.go:103.59,105.4 1 4
github.com/khezen/evoli/pool.go:110.26,114.33 4 2
github.com/khezen/evoli/pool.go:121.2,122.33 2 2
github.com/khezen/evoli/pool.go:125.2,125.36 1 2
github.com/khezen/evoli/pool.go:136.2,136.30 1 2
github.com/khezen/evoli/pool.go:114.33,120.3 5 4
github.com/khezen/evoli/pool.go:122.33,124.3 1 4
github.com/khezen/evoli/pool.go:125.36,129.59 4 24
github.com/khezen/evoli/pool.go:129.59,134.4 4 4
github.com/khezen/evoli/pool.go:136.30,138.3 1 4
github.com/khezen/evoli/pool.go:141.29,142.33 1 2
github.com/khezen/evoli/pool.go:148.2,148.12 1 2
github.com/khezen/evoli/pool.go:142.33,144.17 2 4
github.com/khezen/evoli/pool.go:144.17,146.4 1 0
github.com/khezen/evoli/pool.go:151.34,156.33 5 2
github.com/khezen/evoli/pool.go:165.2,166.19 2 2
github.com/khezen/evoli/pool.go:156.33,157.24 1 4
github.com/khezen/evoli/pool.go:157.24,159.18 2 4
github.com/khezen/evoli/pool.go:162.4,162.13 1 4
github.com/khezen/evoli/pool.go:159.18,161.5 1 0
github.com/khezen/evoli/selecter.go:12.43,13.23 1 160
github.com/khezen/evoli/selecter.go:13.23,14.25 1 0
github.com/khezen/evoli/selecter.go:20.102,22.32 2 10
github.com/khezen/evoli/selecter.go:25.2,28.35 4 8
github.com/khezen/evoli/selecter.go:42.2,42.20 1 8
github.com/khezen/evoli/selecter.go:22.32,24.3 1 2
github.com/khezen/evoli/selecter.go:28.35,29.34 1 23
github.com/khezen/evoli/selecter.go:29.34,30.37 1 124
github.com/khezen/evoli/selecter.go:33.4,35.61 3 119
github.com/khezen/evoli/selecter.go:30.37,31.10 1 5
github.com/khezen/evoli/selecter.go:35.61,39.5 3 11
github.com/khezen/evoli/selecter.go:45.95,47.2 1 169
github.com/khezen/evoli/selecter.go:49.98,51.30 2 8
github.com/khezen/evoli/selecter.go:55.2,55.19 1 8
github.com/khezen/evoli/selecter.go:51.30,54.3 2 50
github.com/khezen/evoli/selecter.go:58.78,62.9 4 8
github.com/khezen/evoli/selecter.go:68.2,68.9 1 8
github.com/khezen/evoli/selecter.go:74.2,74.15 1 8
github.com/khezen/evoli/selecter.go:63.15,64.17 1 4
github.com/khezen/evoli/selecter.go:65.15,66.16 1 4
github.com/khezen/evoli/selecter.go:69.15,70.17 1 2
github.com/khezen/evoli/selecter.go:71.15,72.16 1 6
github.com/khezen/evoli/selecter.go:78.50,80.2 1 2
github.com/khezen/evoli/selecter.go:84.91,86.32 2 10
github.com/khezen/evoli/selecter.go:89.2,90.35 2 8
github.com/khezen/evoli/selecter.go:106.2,106.20 1 8
github.com/khezen/evoli/selecter.go:86.32,88.3 1 2
github.com/khezen/evoli/selecter.go:90.35,92.13 2 11
github.com/khezen/evoli/selecter.go:100.3,103.20 4 11
github.com/khezen/evoli/selecter.go:92.13,93.13 1 2
github.com/khezen/evoli/selecter.go:94.23,95.14 1 0
github.com/khezen/evoli/selecter.go:96.12,97.14 1 2
github.com/khezen/evoli/selecter.go:109.107,118.9 7 11
github.com/khezen/evoli/selecter.go:119.48,120.16 1 3
github.com/khezen/evoli/selecter.go:121.10,122.16 1 8
github.com/khezen/evoli/selecter.go:126.67,128.9 2 11
github.com/khezen/evoli/selecter.go:134.2,134.9 1 11
github.com/khezen/evoli/selecter.go:140.2,140.15 1 11
github.com/khezen/evoli/selecter.go:129.14,130.16 1 4
github.com/khezen/evoli/selecter.go:131.14,132.15 1 7
github.com/khezen/evoli/selecter.go:135.14,136.16 1 2
github.com/khezen/evoli/selecter.go:137.14,138.15 1 9
github.com/khezen/evoli/selecter.go:144.39,146.2 1 2
github.com/khezen/evoli/selecter.go:150.91,155.38 5 120
github.com/khezen/evoli/selecter.go:160.2,162.20 3 120
github.com/khezen/evoli/selecter.go:155.38,157.3 1 1
github.com/khezen/evoli/selecter.go:157.8,159.3 1 119
github.com/khezen/evoli/selecter.go:166.39,168.2 1 23
github.com/khezen/evoli/selecter.go:172.87,177.40 5 10
github.com/khezen/evoli/selecter.go:180.2,180.20 1 10
github.com/khezen/evoli/selecter.go:177.40,179.3 1 39
github.com/khezen/evoli/selecter.go:184.35,186.2 1 2
github.com/khezen/evoli/selecter.go:190.99,192.32 2 10
github.com/khezen/evoli/selecter.go:195.2,198.35 4 8
github.com/khezen/evoli/selecter.go:212.2,212.20 1 8
github.com/khezen/evoli/selecter.go:192.32,194.3 1 2
github.com/khezen/evoli/selecter.go:198.35,199.34 1 11
github.com/khezen/evoli/selecter.go:199.34,200.37 1 41
github.com/khezen/evoli/selecter.go:203.4,204.42 2 37
github.com/khezen/evoli/selecter.go:200.37,201.10 1 4
github.com/khezen/evoli/selecter.go:204.42,209.5 4 11
github.com/khezen/evoli/selecter.go:215.79,218.2 2 8
github.com/khezen/evoli/selecter.go:221.47,223.2 1 2
github.com/khezen/evoli/selecter.go:227.93,229.32 2 0
github.com/khezen/evoli/selecter.go:232.2,235.35 4 0
github.com/khezen/evoli/selecter.go:249.2,249.20 1 0
github.com/khezen/evoli/selecter.go:229.32,231.3 1 0
github.com/khezen/evoli/selecter.go:235.35,236.34 1 0
github.com/khezen/evoli/selecter.go:236.34,237.37 1 0
github.com/khezen/evoli/selecter.go:240.4,241.42 2 0
github.com/khezen/evoli/selecter.go:237.37,238.10 1 0
github.com/khezen/evoli/selecter.go:241.42,246.5 4 0
github.com/khezen/evoli/selecter.go:252.73,255.2 2 0
github.com/khezen/evoli/selecter.go:258.41,260.2 1 0
github.com/khezen/evoli/evolution.go:17.61,19.2 1 27
github.com/khezen/evoli/evolution.go:20.45,22.2 1 66
github.com/khezen/evoli/evolution.go:24.51,26.2 1 8
github.com/khezen/evoli/evolution.go:28.40,30.2 1 10
github.com/khezen/evoli/evolution.go:32.43,34.2 1 22
github.com/khezen/evoli/individual.go:19.48,25.2 2 201
github.com/khezen/evoli/individual.go:28.44,30.2 1 1673
github.com/khezen/evoli/individual.go:33.54,35.2 1 78
github.com/khezen/evoli/individual.go:38.62,40.2 1 77
github.com/khezen/evoli/individual.go:50.52,60.2 2 30
github.com/khezen/evoli/individual.go:63.48,67.2 3 326
github.com/khezen/evoli/individual.go:70.58,74.2 3 51
github.com/khezen/evoli/swarm.go:20.101,21.24 1 5
github.com/khezen/evoli/swarm.go:24.2,24.98 1 5
github.com/khezen/evoli/swarm.go:21.24,22.25 1 0
github.com/khezen/evoli/swarm.go:27.30,29.16 2 102
github.com/khezen/evoli/swarm.go:32.2,33.16 2 102
github.com/khezen/evoli/swarm.go:36.2,37.12 2 102
github.com/khezen/evoli/swarm.go:29.16,31.3 1 0
github.com/khezen/evoli/swarm.go:33.16,35.3 1 0
github.com/khezen/evoli/swarm.go:40.64,42.30 2 102
github.com/khezen/evoli/swarm.go:54.2,54.17 1 102
github.com/khezen/evoli/swarm.go:42.30,45.17 3 5012
github.com/khezen/evoli/swarm.go:48.3,49.42 2 5012
github.com/khezen/evoli/swarm.go:52.3,52.33 1 5012
github.com/khezen/evoli/swarm.go:45.17,47.4 1 0
github.com/khezen/evoli/swarm.go:49.42,51.4 1 555
github.com/khezen/evoli/swarm.go:57.65,61.36 4 102
github.com/khezen/evoli/swarm.go:71.2,71.20 1 102
github.com/khezen/evoli/swarm.go:61.36,64.17 3 5012
github.com/khezen/evoli/swarm.go:67.3,69.23 3 5012
github.com/khezen/evoli/swarm.go:64.17,66.4 1 0
github.com/khezen/evoli/swarm.go:74.47,77.2 2 2
github.com/khezen/evoli/swarm.go:87.105,89.2 1 2
github.com/khezen/evoli/swarm.go:91.34,95.2 3 1
github.com/khezen/evoli/swarm.go:97.45,101.2 3 2
github.com/khezen/evoli/swarm.go:103.51,107.2 3 1
github.com/khezen/evoli/swarm.go:109.40,113.2 3 1
github.com/khezen/evoli/populationSync.go:11.49,17.2 2 25
github.com/khezen/evoli/populationSync.go:20.36,24.2 3 207
github.com/khezen/evoli/populationSync.go:28.46,32.2 3 9
github.com/khezen/evoli/populationSync.go:35.41,39.2 3 17
github.com/khezen/evoli/populationSync.go:42.33,46.2 3 11
github.com/khezen/evoli/populationSync.go:49.45,53.2 3 7
github.com/khezen/evoli/populationSync.go:56.51,60.2 3 31
github.com/khezen/evoli/populationSync.go:63.48,67.2 3 253
github.com/khezen/evoli/populationSync.go:70.42,74.2 3 1
github.com/khezen/evoli/populationSync.go:77.60,81.2 3 1
github.com/khezen/evoli/populationSync.go:84.64,88.2 3 1
github.com/khezen/evoli/populationSync.go:91.43,95.2 3 1
github.com/khezen/evoli/populationSync.go:98.43,102.2 3 1
github.com/khezen/evoli/populationSync.go:105.62,107.36 2 6
github.com/khezen/evoli/populationSync.go:111.2,111.12 1 6
github.com/khezen/evoli/populationSync.go:107.36,110.3 2 6
github.com/khezen/evoli/populationSync.go:115.65,119.2 3 9
github.com/khezen/evoli/populationSync.go:122.62,126.2 3 4
github.com/khezen/evoli/populationSync.go:129.47,133.2 3 41
github.com/khezen/evoli/populationSync.go:135.50,137.2 1 16
github.com/khezen/evoli/arbitrer.go:11.54,12.27 1 25
github.com/khezen/evoli/arbitrer.go:12.27,13.24 1 0
github.com/khezen/evoli/arbitrer.go:21.91,27.2 5 25
github.com/khezen/evoli/arbitrer.go:30.50,32.2 1 1
github.com/khezen/evoli/arbitrer.go:35.47,37.2 1 1
github.com/khezen/evoli/arbitrer.go:40.39,42.2 1 1
github.com/khezen/evoli/arbitrer.go:45.39,47.2 1 1
github.com/khezen/evoli/arbitrer.go:50.35,52.2 1 1
mode: atomic
github.com/khezen/evoli/evolution.go:17.61,19.2 1 27
github.com/khezen/evoli/evolution.go:20.45,22.2 1 66
github.com/khezen/evoli/evolution.go:24.51,26.2 1 8
github.com/khezen/evoli/evolution.go:28.40,30.2 1 10
github.com/khezen/evoli/evolution.go:32.43,34.2 1 22
github.com/khezen/evoli/pool.go:34.31,36.2 1 12
github.com/khezen/evoli/pool.go:38.33,39.21 1 22
github.com/khezen/evoli/pool.go:48.2,48.40 1 22
github.com/khezen/evoli/pool.go:40.11,42.8 2 12
github.com/khezen/evoli/pool.go:43.21,44.8 1 10
github.com/khezen/evoli/pool.go:45.10,46.26 1 0
github.com/khezen/evoli/pool.go:51.36,53.30 2 2
github.com/khezen/evoli/pool.go:61.2,61.28 1 2
github.com/khezen/evoli/pool.go:53.30,54.27 1 2
github.com/khezen/evoli/pool.go:54.27,58.9 4 2
github.com/khezen/evoli/pool.go:61.28,63.3 1 2
github.com/khezen/evoli/pool.go:66.38,67.30 1 4
github.com/khezen/evoli/pool.go:72.2,72.14 1 2
github.com/khezen/evoli/pool.go:67.30,68.27 1 2
github.com/khezen/evoli/pool.go:68.27,70.4 1 2
github.com/khezen/evoli/pool.go:75.41,77.2 1 2
github.com/khezen/evoli/pool.go:79.43,81.33 2 8
github.com/khezen/evoli/pool.go:84.2,84.20 1 8
github.com/khezen/evoli/pool.go:81.33,83.3 1 16
github.com/khezen/evoli/pool.go:87.43,89.33 2 2
github.com/khezen/evoli/pool.go:92.2,93.33 2 2
github.com/khezen/evoli/pool.go:96.2,96.20 1 2
github.com/khezen/evoli/pool.go:89.33,91.3 1 4
github.com/khezen/evoli/pool.go:93.33,95.3 1 4
github.com/khezen/evoli/pool.go:99.35,101.33 2 2
github.com/khezen/evoli/pool.go:107.2,107.14 1 2
github.com/khezen/evoli/pool.go:101.33,103.59 2 4
github.com/khezen/evoli/pool.go:103.59,105.4 1 4
github.com/khezen/evoli/pool.go:110.26,114.33 4 2
github.com/khezen/evoli/pool.go:121.2,122.33 2 2
github.com/khezen/evoli/pool.go:125.2,125.36 1 2
github.com/khezen/evoli/pool.go:136.2,136.30 1 2
github.com/khezen/evoli/pool.go:114.33,120.3 5 4
github.com/khezen/evoli/pool.go:122.33,124.3 1 4
github.com/khezen/evoli/pool.go:125.36,129.59 4 24
github.com/khezen/evoli/pool.go:129.59,134.4 4 4
github.com/khezen/evoli/pool.go:136.30,138.3 1 4
github.com/khezen/evoli/pool.go:141.29,142.33 1 2
github.com/khezen/evoli/pool.go:148.2,148.12 1 2
github.com/khezen/evoli/pool.go:142.33,144.17 2 4
github.com/khezen/evoli/pool.go:144.17,146.4 1 0
github.com/khezen/evoli/pool.go:151.34,156.33 5 2
github.com/khezen/evoli/pool.go:165.2,166.19 2 2
github.com/khezen/evoli/pool.go:156.33,157.24 1 4
github.com/khezen/evoli/pool.go:157.24,159.18 2 4
github.com/khezen/evoli/pool.go:162.4,162.13 1 4
github.com/khezen/evoli/pool.go:159.18,161.5 1 0
github.com/khezen/evoli/arbitrer.go:11.54,12.27 1 25
github.com/khezen/evoli/arbitrer.go:12.27,13.24 1 0
github.com/khezen/evoli/arbitrer.go:21.91,27.2 5 25
github.com/khezen/evoli/arbitrer.go:30.50,32.2 1 1
github.com/khezen/evoli/arbitrer.go:35.47,37.2 1 1
github.com/khezen/evoli/arbitrer.go:40.39,42.2 1 1
github.com/khezen/evoli/arbitrer.go:45.39,47.2 1 1
github.com/khezen/evoli/arbitrer.go:50.35,52.2 1 1
github.com/khezen/evoli/individual.go:19.48,25.2 2 201
github.com/khezen/evoli/individual.go:28.44,30.2 1 1673
github.com/khezen/evoli/individual.go:33.54,35.2 1 78
github.com/khezen/evoli/individual.go:38.62,40.2 1 77
github.com/khezen/evoli/individual.go:50.52,60.2 2 30
github.com/khezen/evoli/individual.go:63.48,67.2 3 326
github.com/khezen/evoli/individual.go:70.58,74.2 3 51
github.com/khezen/evoli/poolSync.go:11.35,16.2 1 6
github.com/khezen/evoli/poolSync.go:18.37,22.2 3 11
github.com/khezen/evoli/poolSync.go:24.40,28.2 3 1
github.com/khezen/evoli/poolSync.go:30.42,34.2 3 2
github.com/khezen/evoli/poolSync.go:36.45,40.2 3 1
github.com/khezen/evoli/poolSync.go:42.47,46.2 3 4
github.com/khezen/evoli/poolSync.go:48.47,52.2 3 1
github.com/khezen/evoli/poolSync.go:54.39,58.2 3 1
github.com/khezen/evoli/poolSync.go:60.30,64.2 3 1
github.com/khezen/evoli/poolSync.go:66.33,70.2 3 1
github.com/khezen/evoli/poolSync.go:72.38,76.2 3 1
github.com/khezen/evoli/populationSync.go:11.49,17.2 2 25
github.com/khezen/evoli/populationSync.go:20.36,24.2 3 208
github.com/khezen/evoli/populationSync.go:28.46,32.2 3 9
github.com/khezen/evoli/populationSync.go:35.41,39.2 3 17
github.com/khezen/evoli/populationSync.go:42.33,46.2 3 11
github.com/khezen/evoli/populationSync.go:49.45,53.2 3 7
[...]
github.com/khezen/evoli/swarm.go:64.17,66.4 1 0
github.com/khezen/evoli/swarm.go:74.47,77.2 2 2
github.com/khezen/evoli/swarm.go:87.105,89.2 1 2
github.com/khezen/evoli/swarm.go:91.34,95.2 3 1
github.com/khezen/evoli/swarm.go:97.45,101.2 3 2
github.com/khezen/evoli/swarm.go:103.51,107.2 3 1
github.com/khezen/evoli/swarm.go:109.40,113.2 3 1
github.com/khezen/evoli/poolSync.go:11.35,16.2 1 6
github.com/khezen/evoli/poolSync.go:18.37,22.2 3 11
github.com/khezen/evoli/poolSync.go:24.40,28.2 3 1
github.com/khezen/evoli/poolSync.go:30.42,34.2 3 2
github.com/khezen/evoli/poolSync.go:36.45,40.2 3 1
github.com/khezen/evoli/poolSync.go:42.47,46.2 3 4
github.com/khezen/evoli/poolSync.go:48.47,52.2 3 1
github.com/khezen/evoli/poolSync.go:54.39,58.2 3 1
github.com/khezen/evoli/poolSync.go:60.30,64.2 3 1
github.com/khezen/evoli/poolSync.go:66.33,70.2 3 1
github.com/khezen/evoli/poolSync.go:72.38,76.2 3 1
github.com/khezen/evoli/selecter.go:12.43,13.23 1 160
github.com/khezen/evoli/selecter.go:13.23,14.25 1 0
github.com/khezen/evoli/selecter.go:20.102,22.32 2 10
github.com/khezen/evoli/selecter.go:25.2,28.35 4 8
github.com/khezen/evoli/selecter.go:42.2,42.20 1 8
github.com/khezen/evoli/selecter.go:22.32,24.3 1 2
github.com/khezen/evoli/selecter.go:28.35,29.34 1 23
github.com/khezen/evoli/selecter.go:29.34,30.37 1 124
github.com/khezen/evoli/selecter.go:33.4,35.61 3 119
github.com/khezen/evoli/selecter.go:30.37,31.10 1 5
github.com/khezen/evoli/selecter.go:35.61,39.5 3 11
github.com/khezen/evoli/selecter.go:45.95,47.2 1 169
github.com/khezen/evoli/selecter.go:49.98,51.30 2 8
github.com/khezen/evoli/selecter.go:55.2,55.19 1 8
github.com/khezen/evoli/selecter.go:51.30,54.3 2 50
github.com/khezen/evoli/selecter.go:58.78,62.9 4 8
github.com/khezen/evoli/selecter.go:68.2,68.9 1 8
github.com/khezen/evoli/selecter.go:74.2,74.15 1 8
github.com/khezen/evoli/selecter.go:63.15,64.17 1 4
github.com/khezen/evoli/selecter.go:65.15,66.16 1 4
github.com/khezen/evoli/selecter.go:69.15,70.17 1 2
github.com/khezen/evoli/selecter.go:71.15,72.16 1 6
github.com/khezen/evoli/selecter.go:78.50,80.2 1 2
github.com/khezen/evoli/selecter.go:84.91,86.32 2 10
github.com/khezen/evoli/selecter.go:89.2,90.35 2 8
github.com/khezen/evoli/selecter.go:106.2,106.20 1 8
github.com/khezen/evoli/selecter.go:86.32,88.3 1 2
github.com/khezen/evoli/selecter.go:90.35,92.13 2 11
github.com/khezen/evoli/selecter.go:100.3,103.20 4 11
github.com/khezen/evoli/selecter.go:92.13,93.13 1 2
github.com/khezen/evoli/selecter.go:94.23,95.14 1 0
github.com/khezen/evoli/selecter.go:96.12,97.14 1 2
github.com/khezen/evoli/selecter.go:109.107,118.9 7 11
github.com/khezen/evoli/selecter.go:119.48,120.16 1 3
github.com/khezen/evoli/selecter.go:121.10,122.16 1 8
github.com/khezen/evoli/selecter.go:126.67,128.9 2 11
github.com/khezen/evoli/selecter.go:134.2,134.9 1 11
github.com/khezen/evoli/selecter.go:140.2,140.15 1 11
github.com/khezen/evoli/selecter.go:129.14,130.16 1 4
github.com/khezen/evoli/selecter.go:131.14,132.15 1 7
github.com/khezen/evoli/selecter.go:135.14,136.16 1 2
github.com/khezen/evoli/selecter.go:137.14,138.15 1 9
github.com/khezen/evoli/selecter.go:144.39,146.2 1 2
github.com/khezen/evoli/selecter.go:150.91,155.38 5 120
github.com/khezen/evoli/selecter.go:160.2,162.20 3 120
github.com/khezen/evoli/selecter.go:155.38,157.3 1 1
github.com/khezen/evoli/selecter.go:157.8,159.3 1 119
github.com/khezen/evoli/selecter.go:166.39,168.2 1 23
github.com/khezen/evoli/selecter.go:172.87,177.40 5 10
github.com/khezen/evoli/selecter.go:180.2,180.20 1 10
github.com/khezen/evoli/selecter.go:177.40,179.3 1 39
github.com/khezen/evoli/selecter.go:184.35,186.2 1 2
github.com/khezen/evoli/selecter.go:190.99,192.32 2 10
github.com/khezen/evoli/selecter.go:195.2,198.35 4 8
github.com/khezen/evoli/selecter.go:212.2,212.20 1 8
github.com/khezen/evoli/selecter.go:192.32,194.3 1 2
github.com/khezen/evoli/selecter.go:198.35,199.34 1 11
github.com/khezen/evoli/selecter.go:199.34,200.37 1 41
github.com/khezen/evoli/selecter.go:203.4,204.42 2 37
github.com/khezen/evoli/selecter.go:200.37,201.10 1 4
github.com/khezen/evoli/selecter.go:204.42,209.5 4 11
github.com/khezen/evoli/selecter.go:215.79,218.2 2 8
github.com/khezen/evoli/selecter.go:221.47,223.2 1 2
github.com/khezen/evoli/selecter.go:227.93,229.32 2 0
github.com/khezen/evoli/selecter.go:232.2,235.35 4 0
github.com/khezen/evoli/selecter.go:249.2,249.20 1 0
github.com/khezen/evoli/selecter.go:229.32,231.3 1 0
github.com/khezen/evoli/selecter.go:235.35,236.34 1 0
github.com/khezen/evoli/selecter.go:236.34,237.37 1 0
github.com/khezen/evoli/selecter.go:240.4,241.42 2 0
github.com/khezen/evoli/selecter.go:237.37,238.10 1 0
github.com/khezen/evoli/selecter.go:241.42,246.5 4 0
github.com/khezen/evoli/selecter.go:252.73,255.2 2 0
github.com/khezen/evoli/selecter.go:258.41,260.2 1 0
mode: atomic
github.com/khezen/evoli/population.go:41.45,42.18 1 434
github.com/khezen/evoli/population.go:45.2,46.13 2 434
github.com/khezen/evoli/population.go:42.18,43.21 1 0
github.com/khezen/evoli/population.go:50.34,52.2 1 104825
github.com/khezen/evoli/population.go:56.44,60.2 3 26426
github.com/khezen/evoli/population.go:63.39,64.66 1 10990
github.com/khezen/evoli/population.go:64.66,68.3 3 10968
github.com/khezen/evoli/population.go:72.31,74.2 1 134
github.com/khezen/evoli/population.go:77.34,79.2 1 671
github.com/khezen/evoli/population.go:82.43,83.16 1 14
github.com/khezen/evoli/population.go:86.2,87.26 2 14
github.com/khezen/evoli/population.go:83.16,84.21 1 0
github.com/khezen/evoli/population.go:87.26,89.10 2 12
github.com/khezen/evoli/population.go:96.3,96.18 1 12
github.com/khezen/evoli/population.go:90.28,92.45 2 4
github.com/khezen/evoli/population.go:93.28,94.48 1 8
github.com/khezen/evoli/population.go:101.49,103.2 1 7498
github.com/khezen/evoli/population.go:106.46,108.16 2 72801
github.com/khezen/evoli/population.go:111.2,111.18 1 72801
github.com/khezen/evoli/population.go:108.16,109.13 1 0
github.com/khezen/evoli/population.go:115.40,117.16 2 76
github.com/khezen/evoli/population.go:120.2,123.26 4 76
github.com/khezen/evoli/population.go:117.16,118.13 1 0
github.com/khezen/evoli/population.go:127.58,128.36 1 2
github.com/khezen/evoli/population.go:128.36,130.17 2 2
github.com/khezen/evoli/population.go:130.17,132.4 1 2
github.com/khezen/evoli/population.go:137.62,139.16 2 47
github.com/khezen/evoli/population.go:142.2,142.24 1 47
github.com/khezen/evoli/population.go:139.16,140.13 1 0
github.com/khezen/evoli/population.go:146.41,148.2 1 10
github.com/khezen/evoli/population.go:151.41,153.2 1 122
github.com/khezen/evoli/population.go:155.62,158.30 3 132
github.com/khezen/evoli/population.go:164.2,164.17 1 132
github.com/khezen/evoli/population.go:158.30,160.118 2 5112
github.com/khezen/evoli/population.go:160.118,162.4 1 197
github.com/khezen/evoli/population.go:168.60,170.36 2 24
github.com/khezen/evoli/population.go:174.2,174.12 1 24
github.com/khezen/evoli/population.go:170.36,173.3 2 24
github.com/khezen/evoli/population.go:178.63,179.31 1 39
github.com/khezen/evoli/population.go:184.2,184.24 1 11
github.com/khezen/evoli/population.go:179.31,180.27 1 77
github.com/khezen/evoli/population.go:180.27,182.4 1 28
github.com/khezen/evoli/population.go:188.60,189.34 1 8
github.com/khezen/evoli/population.go:189.34,191.14 2 22
github.com/khezen/evoli/population.go:191.14,192.9 1 4
github.com/khezen/evoli/population.go:198.45,200.2 1 402
github.com/khezen/evoli/population.go:202.48,204.2 1 156
github.com/khezen/evoli/population.go:206.48,207.29 1 72924
github.com/khezen/evoli/population.go:210.2,210.12 1 72924
github.com/khezen/evoli/population.go:207.29,209.3 1 0
github.com/khezen/evoli/selecter.go:12.43,13.23 1 160
github.com/khezen/evoli/selecter.go:13.23,14.25 1 0
github.com/khezen/evoli/selecter.go:20.102,22.32 2 10
github.com/khezen/evoli/selecter.go:25.2,28.35 4 8
github.com/khezen/evoli/selecter.go:42.2,42.20 1 8
github.com/khezen/evoli/selecter.go:22.32,24.3 1 2
github.com/khezen/evoli/selecter.go:28.35,29.34 1 23
github.com/khezen/evoli/selecter.go:29.34,30.37 1 124
github.com/khezen/evoli/selecter.go:33.4,35.61 3 119
github.com/khezen/evoli/selecter.go:30.37,31.10 1 5
github.com/khezen/evoli/selecter.go:35.61,39.5 3 11
github.com/khezen/evoli/selecter.go:45.95,47.2 1 169
github.com/khezen/evoli/selecter.go:49.98,51.30 2 8
github.com/khezen/evoli/selecter.go:55.2,55.19 1 8
github.com/khezen/evoli/selecter.go:51.30,54.3 2 50
github.com/khezen/evoli/selecter.go:58.78,62.9 4 8
github.com/khezen/evoli/selecter.go:68.2,68.9 1 8
github.com/khezen/evoli/selecter.go:74.2,74.15 1 8
github.com/khezen/evoli/selecter.go:63.15,64.17 1 4
github.com/khezen/evoli/selecter.go:65.15,66.16 1 4
github.com/khezen/evoli/selecter.go:69.15,70.17 1 2
github.com/khezen/evoli/selecter.go:71.15,72.16 1 6
github.com/khezen/evoli/selecter.go:78.50,80.2 1 2
github.com/khezen/evoli/selecter.go:84.91,86.32 2 10
github.com/khezen/evoli/selecter.go:89.2,90.35 2 8
github.com/khezen/evoli/selecter.go:106.2,106.20 1 8
github.com/khezen/evoli/selecter.go:86.32,88.3 1 2
github.com/khezen/evoli/selecter.go:90.35,92.13 2 11
github.com/khezen/evoli/selecter.go:100.3,103.20 4 11
github.com/khezen/evoli/selecter.go:92.13,93.13 1 2
github.com/khezen/evoli/selecter.go:94.23,95.14 1 0
github.com/khezen/evoli/selecter.go:96.12,97.14 1 2
github.com/khezen/evoli/selecter.go:109.107,118.9 7 11
github.com/khezen/evoli/selecter.go:119.48,120.16 1 3
github.com/khezen/evoli/selecter.go:121.10,122.16 1 8
github.com/khezen/evoli/selecter.go:126.67,128.9 2 11
github.com/khezen/evoli/selecter.go:134.2,134.9 1 11
github.com/khezen/evoli/selecter.go:140.2,140.15 1 11
github.com/khezen/evoli/selecter.go:129.14,130.16 1 4
github.com/khezen/evoli/selecter.go:131.14,132.15 1 7
github.com/khezen/evoli/selecter.go:135.14,136.16 1 2
github.com/khezen/evoli/selecter.go:137.14,138.15 1 9
github.com/khezen/evoli/selecter.go:144.39,146.2 1 2
github.com/khezen/evoli/selecter.go:150.91,155.38 5 120
github.com/khezen/evoli/selecter.go:160.2,162.20 3 120
github.com/khezen/evoli/selecter.go:155.38,157.3 1 1
github.com/khezen/evoli/selecter.go:157.8,159.3 1 119
github.com/khezen/evoli/selecter.go:166.39,168.2 1 23
github.com/khezen/evoli/selecter.go:172.87,177.40 5 10
github.com/khezen/evoli/selecter.go:180.2,180.20 1 10
github.com/khezen/evoli/selecter.go:177.40,179.3 1 39
github.com/khezen/evoli/selecter.go:184.35,186.2 1 2
github.com/khezen/evoli/selecter.go:190.99,192.32 2 10
github.com/khezen/evoli/selecter.go:195.2,198.35 4 8
github.com/khezen/evoli/selecter.go:212.2,212.20 1 8
github.com/khezen/evoli/selecter.go:192.32,194.3 1 2
github.com/khezen/evoli/selecter.go:198.35,199.34 1 11
github.com/khezen/evoli/selecter.go:199.34,200.37 1 41
github.com/khezen/evoli/selecter.go:203.4,204.42 2 37
github.com/khezen/evoli/selecter.go:200.37,201.10 1 4
github.com/khezen/evoli/selecter.go:204.42,209.5 4 11
github.com/khezen/evoli/selecter.go:215.79,218.2 2 8
github.com/khezen/evoli/selecter.go:221.47,223.2 1 2
github.com/khezen/evoli/selecter.go:227.93,229.32 2 0
github.com/khezen/evoli/selecter.go:232.2,235.35 4 0
github.com/khezen/evoli/selecter.go:249.2,249.20 1 0
github.com/khezen/evoli/selecter.go:229.32,231.3 1 0
github.com/khezen/evoli/selecter.go:235.35,236.34 1 0
github.com/khezen/evoli/selecter.go:236.34,237.37 1 0
github.com/khezen/evoli/selecter.go:240.4,241.42 2 0
github.com/khezen/evoli/selecter.go:237.37,238.10 1 0
github.com/khezen/evoli/selecter.go:241.42,246.5 4 0
github.com/khezen/evoli/selecter.go:252.73,255.2 2 0
github.com/khezen/evoli/selecter.go:258.41,260.2 1 0
github.com/khezen/evoli/evolution.go:17.61,19.2 1 27
github.com/khezen/evoli/evolution.go:20.45,22.2 1 66
github.com/khezen/evoli/evolution.go:24.51,26.2 1 8
github.com/khezen/evoli/evolution.go:28.40,30.2 1 10
github.com/khezen/evoli/evolution.go:32.43,34.2 1 22
github.com/khezen/evoli/genetic.go:27.137,28.22 1 22
github.com/khezen/evoli/genetic.go:31.2,31.56 1 22
github.com/khezen/evoli/genetic.go:34.2,34.83 1 22
github.com/khezen/evoli/genetic.go:28.22,29.25 1 0
github.com/khezen/evoli/genetic.go:31.56,32.25 1 0
github.com/khezen/evoli/genetic.go:38.32,40.16 2 110
github.com/khezen/evoli/genetic.go:43.2,44.16 2 110
github.com/khezen/evoli/genetic.go:47.2,48.16 2 110
github.com/khezen/evoli/genetic.go:51.2,52.16 2 110
github.com/khezen/evoli/genetic.go:55.2,57.12 3 110
github.com/khezen/evoli/genetic.go:40.16,42.3 1 0
github.com/khezen/evoli/genetic.go:44.16,46.3 1 0
github.com/khezen/evoli/genetic.go:48.16,50.3 1 0
github.com/khezen/evoli/genetic.go:52.16,54.3 1 0
github.com/khezen/evoli/genetic.go:60.52,62.30 2 110
github.com/khezen/evoli/genetic.go:70.2,70.12 1 110
github.com/khezen/evoli/genetic.go:62.30,65.17 3 5060
github.com/khezen/evoli/genetic.go:68.3,68.33 1 5060
github.com/khezen/evoli/genetic.go:65.17,67.4 1 0
github.com/khezen/evoli/genetic.go:73.66,76.32 3 110
github.com/khezen/evoli/genetic.go:93.2,93.22 1 110
github.com/khezen/evoli/genetic.go:76.32,78.13 2 2034
github.com/khezen/evoli/genetic.go:86.3,88.17 3 2034
github.com/khezen/evoli/genetic.go:91.3,91.24 1 2034
github.com/khezen/evoli/genetic.go:78.13,79.13 1 78
github.com/khezen/evoli/genetic.go:80.23,81.14 1 6
github.com/khezen/evoli/genetic.go:82.12,83.14 1 72
github.com/khezen/evoli/genetic.go:88.17,90.4 1 0
github.com/khezen/evoli/genetic.go:96.65,97.33 1 110
github.com/khezen/evoli/genetic.go:107.2,107.17 1 110
github.com/khezen/evoli/genetic.go:97.33,98.46 1 2034
github.com/khezen/evoli/genetic.go:98.46,101.18 3 45
github.com/khezen/evoli/genetic.go:104.4,104.26 1 45
github.com/khezen/evoli/genetic.go:101.18,103.5 1 0
github.com/khezen/evoli/genetic.go:116.141,118.2 1 2
github.com/khezen/evoli/genetic.go:120.36,124.2 3 1
github.com/khezen/evoli/genetic.go:126.47,130.2 3 2
github.com/khezen/evoli/genetic.go:132.53,136.2 3 1
github.com/khezen/evoli/genetic.go:138.42,142.2 3 1
github.com/khezen/evoli/individual.go:19.48,25.2 2 201
github.com/khezen/evoli/individual.go:28.44,30.2 1 1673
github.com/khezen/evoli/individual.go:33.54,35.2 1 78
github.com/khezen/evoli/individual.go:38.62,40.2 1 77
github.com/khezen/evoli/individual.go:50.52,60.2 2 30
github.com/khezen/evoli/individual.go:63.48,67.2 3 326
github.com/khezen/evoli/individual.go:70.58,74.2 3 51
github.com/khezen/evoli/pool.go:34.31,36.2 1 12
github.com/khezen/evoli/pool.go:38.33,39.21 1 22
github.com/khezen/evoli/pool.go:48.2,48.40 1 22
github.com/khezen/evoli/pool.go:40.11,42.8 2 12
github.com/khezen/evoli/pool.go:43.21,44.8 1 10
github.com/khezen/evoli/pool.go:45.10,46.26 1 0
github.com/khezen/evoli/pool.go:51.36,53.30 2 2
github.com/khezen/evoli/pool.go:61.2,61.28 1 2
github.com/khezen/evoli/pool.go:53.30,54.27 1 2
github.com/khezen/evoli/pool.go:54.27,58.9 4 2
github.com/khezen/evoli/pool.go:61.28,63.3 1 2
github.com/khezen/evoli/pool.go:66.38,67.30 1 4
github.com/khezen/evoli/pool.go:72.2,72.14 1 2
github.com/khezen/evoli/pool.go:67.30,68.27 1 2
github.com/khezen/evoli/pool.go:68.27,70.4 1 2
github.com/khezen/evoli/pool.go:75.41,77.2 1 2
github.com/khezen/evoli/pool.go:79.43,81.33 2 8
github.com/khezen/evoli/pool.go:84.2,84.20 1 8
github.com/khezen/evoli/pool.go:81.33,83.3 1 16
github.com/khezen/evoli/pool.go:87.43,89.33 2 2
github.com/khezen/evoli/pool.go:92.2,93.33 2 2
github.com/khezen/evoli/pool.go:96.2,96.20 1 2
github.com/khezen/evoli/pool.go:89.33,91.3 1 4
github.com/khezen/evoli/pool.go:93.33,95.3 1 4
github.com/khezen/evoli/pool.go:99.35,101.33 2 2
github.com/khezen/evoli/pool.go:107.2,107.14 1 2
github.com/khezen/evoli/pool.go:101.33,103.59 2 4
github.com/khezen/evoli/pool.go:103.59,105.4 1 4
github.com/khezen/evoli/pool.go:110.26,114.33 4 2
github.com/khezen/evoli/pool.go:121.2,122.33 2 2
github.com/khezen/evoli/pool.go:125.2,125.36 1 2
github.com/khezen/evoli/pool.go:136.2,136.30 1 2
github.com/khezen/evoli/pool.go:114.33,120.3 5 4
github.com/khezen/evoli/pool.go:122.33,124.3 1 4
github.com/khezen/evoli/pool.go:125.36,129.59 4 24
github.com/khezen/evoli/pool.go:129.59,134.4 4 4
github.com/khezen/evoli/pool.go:136.30,138.3 1 4
github.com/khezen/evoli/pool.go:141.29,142.33 1 2
github.com/khezen/evoli/pool.go:148.2,148.12 1 2
github.com/khezen/evoli/pool.go:142.33,144.17 2 4
github.com/khezen/evoli/pool.go:144.17,146.4 1 0
github.com/khezen/evoli/pool.go:151.34,156.33 5 2
github.com/khezen/evoli/pool.go:165.2,166.19 2 2
github.com/khezen/evoli/pool.go:156.33,157.24 1 4
github.com/khezen/evoli/pool.go:157.24,159.18 2 4
github.com/khezen/evoli/pool.go:162.4,162.13 1 4
github.com/khezen/evoli/pool.go:159.18,161.5 1 0
github.com/khezen/evoli/populationSync.go:11.49,17.2 2 25
github.com/khezen/evoli/populationSync.go:20.36,24.2 3 208
github.com/khezen/evoli/populationSync.go:28.46,32.2 3 9
github.com/khezen/evoli/populationSync.go:35.41,39.2 3 17
github.com/khezen/evoli/populationSync.go:42.33,46.2 3 11
github.com/khezen/evoli/populationSync.go:49.45,53.2 3 7
github.com/khezen/evoli/populationSync.go:56.51,60.2 3 31
github.com/khezen/evoli/populationSync.go:63.48,67.2 3 253
github.com/khezen/evoli/populationSync.go:70.42,74.2 3 1
github.com/khezen/evoli/populationSync.go:77.60,81.2 3 1
github.com/khezen/evoli/populationSync.go:84.64,88.2 3 1
github.com/khezen/evoli/populationSync.go:91.43,95.2 3 1
github.com/khezen/evoli/populationSync.go:98.43,102.2 3 1
github.com/khezen/evoli/populationSync.go:105.62,107.36 2 6
github.com/khezen/evoli/populationSync.go:111.2,111.12 1 6
github.com/khezen/evoli/populationSync.go:107.36,110.3 2 6
github.com/khezen/evoli/populationSync.go:115.65,119.2 3 9
github.com/khezen/evoli/populationSync.go:122.62,126.2 3 4
github.com/khezen/evoli/populationSync.go:129.47,133.2 3 41
github.com/khezen/evoli/populationSync.go:135.50,137.2 1 16
github.com/khezen/evoli/poolSync.go:11.35,16.2 1 6
github.com/khezen/evoli/poolSync.go:18.37,22.2 3 11
github.com/khezen/evoli/poolSync.go:24.40,28.2 3 1
github.com/khezen/evoli/poolSync.go:30.42,34.2 3 2
github.com/khezen/evoli/poolSync.go:36.45,40.2 3 1
github.com/khezen/evoli/poolSync.go:42.47,46.2 3 4
github.com/khezen/evoli/poolSync.go:48.47,52.2 3 1
github.com/khezen/evoli/poolSync.go:54.39,58.2 3 1
github.com/khezen/evoli/poolSync.go:60.30,64.2 3 1
github.com/khezen/evoli/poolSync.go:66.33,70.2 3 1
github.com/khezen/evoli/poolSync.go:72.38,76.2 3 1
github.com/khezen/evoli/swarm.go:20.101,21.24 1 5
github.com/khezen/evoli/swarm.go:24.2,24.98 1 5
github.com/khezen/evoli/swarm.go:21.24,22.25 1 0
github.com/khezen/evoli/swarm.go:27.30,29.16 2 102
github.com/khezen/evoli/swarm.go:32.2,33.16 2 102
github.com/khezen/evoli/swarm.go:36.2,37.12 2 102
github.com/khezen/evoli/swarm.go:29.16,31.3 1 0
github.com/khezen/evoli/swarm.go:33.16,35.3 1 0
github.com/khezen/evoli/swarm.go:40.64,42.30 2 102
github.com/khezen/evoli/swarm.go:54.2,54.17 1 102
github.com/khezen/evoli/swarm.go:42.30,45.17 3 5012
github.com/khezen/evoli/swarm.go:48.3,49.42 2 5012
github.com/khezen/evoli/swarm.go:52.3,52.33 1 5012
github.com/khezen/evoli/swarm.go:45.17,47.4 1 0
github.com/khezen/evoli/swarm.go:49.42,51.4 1 555
github.com/khezen/evoli/swarm.go:57.65,61.36 4 102
github.com/khezen/evoli/swarm.go:71.2,71.20 1 102
github.com/khezen/evoli/swarm.go:61.36,64.17 3 5012
github.com/khezen/evoli/swarm.go:67.3,69.23 3 5012
github.com/khezen/evoli/swarm.go:64.17,66.4 1 0
github.com/khezen/evoli/swarm.go:74.47,77.2 2 2
github.com/khezen/evoli/swarm.go:87.105,89.2 1 2
github.com/khezen/evoli/swarm.go:91.34,95.2 3 1
github.com/khezen/evoli/swarm.go:97.45,101.2 3 2
github.com/khezen/evoli/swarm.go:103.51,107.2 3 1
github.com/khezen/evoli/swarm.go:109.40,113.2 3 1
github.com/khezen/evoli/arbitrer.go:11.54,12.27 1 25
github.com/khezen/evoli/arbitrer.go:12.27,13.24 1 0
github.com/khezen/evoli/arbitrer.go:21.91,27.2 5 25
github.com/khezen/evoli/arbitrer.go:30.50,32.2 1 1
github.com/khezen/evoli/arbitrer.go:35.47,37.2 1 1
github.com/khezen/evoli/arbitrer.go:40.39,42.2 1 1
github.com/khezen/evoli/arbitrer.go:45.39,47.2 1 1
github.com/khezen/evoli/arbitrer.go:50.35,52.2 1 1
